2021-02-22 00:02:56,813 DEBUG org.springframework.context.support.AbstractApplicationContext [main] Refreshing org.springframework.web.context.support.GenericWebApplicationContext@19e4fcac
2021-02-22 00:02:58,328 DEBUG org.springframework.web.servlet.mvc.method.annotation.RequestMappingHandlerAdapter [main] ControllerAdvice beans: 0 @ModelAttribute, 0 @InitBinder, 1 RequestBodyAdvice, 1 ResponseBodyAdvice
2021-02-22 00:02:58,474 DEBUG org.springframework.web.servlet.handler.AbstractHandlerMethodMapping [main] 3 mappings in 'requestMappingHandlerMapping'
2021-02-22 00:02:58,587 DEBUG org.springframework.web.servlet.handler.SimpleUrlHandlerMapping [main] Patterns [/webjars/**, /**] in 'resourceHandlerMapping'
2021-02-22 00:02:58,613 DEBUG org.springframework.web.servlet.mvc.method.annotation.ExceptionHandlerExceptionResolver [main] ControllerAdvice beans: 1 @ExceptionHandler, 1 ResponseBodyAdvice
2021-02-22 00:02:59,297 DEBUG org.springframework.context.support.AbstractApplicationContext [SpringContextShutdownHook] Closing org.springframework.web.context.support.GenericWebApplicationContext@19e4fcac, started on Mon Feb 22 00:02:56 CET 2021
2021-02-22 00:05:09,366 DEBUG org.springframework.context.support.AbstractApplicationContext [main] Refreshing org.springframework.web.context.support.GenericWebApplicationContext@4b79ac84
2021-02-22 00:05:10,873 DEBUG org.springframework.web.servlet.mvc.method.annotation.RequestMappingHandlerAdapter [main] ControllerAdvice beans: 0 @ModelAttribute, 0 @InitBinder, 1 RequestBodyAdvice, 1 ResponseBodyAdvice
2021-02-22 00:05:11,016 DEBUG org.springframework.web.servlet.handler.AbstractHandlerMethodMapping [main] 3 mappings in 'requestMappingHandlerMapping'
2021-02-22 00:05:11,129 DEBUG org.springframework.web.servlet.handler.SimpleUrlHandlerMapping [main] Patterns [/webjars/**, /**] in 'resourceHandlerMapping'
2021-02-22 00:05:11,161 DEBUG org.springframework.web.servlet.mvc.method.annotation.ExceptionHandlerExceptionResolver [main] ControllerAdvice beans: 1 @ExceptionHandler, 1 ResponseBodyAdvice
2021-02-22 00:05:11,682 DEBUG org.springframework.context.support.AbstractApplicationContext [SpringContextShutdownHook] Closing org.springframework.web.context.support.GenericWebApplicationContext@4b79ac84, started on Mon Feb 22 00:05:09 CET 2021
2021-02-22 00:06:08,759 DEBUG org.springframework.context.support.AbstractApplicationContext [main] Refreshing org.springframework.web.context.support.GenericWebApplicationContext@4b79ac84
2021-02-22 00:06:10,208 DEBUG org.springframework.web.servlet.mvc.method.annotation.RequestMappingHandlerAdapter [main] ControllerAdvice beans: 0 @ModelAttribute, 0 @InitBinder, 1 RequestBodyAdvice, 1 ResponseBodyAdvice
2021-02-22 00:06:10,370 DEBUG org.springframework.web.servlet.handler.AbstractHandlerMethodMapping [main] 3 mappings in 'requestMappingHandlerMapping'
2021-02-22 00:06:10,484 DEBUG org.springframework.web.servlet.handler.SimpleUrlHandlerMapping [main] Patterns [/webjars/**, /**] in 'resourceHandlerMapping'
2021-02-22 00:06:10,515 DEBUG org.springframework.web.servlet.mvc.method.annotation.ExceptionHandlerExceptionResolver [main] ControllerAdvice beans: 1 @ExceptionHandler, 1 ResponseBodyAdvice
2021-02-22 00:06:11,096 DEBUG org.springframework.context.support.AbstractApplicationContext [SpringContextShutdownHook] Closing org.springframework.web.context.support.GenericWebApplicationContext@4b79ac84, started on Mon Feb 22 00:06:08 CET 2021
2021-02-22 00:06:32,962 DEBUG org.springframework.context.support.AbstractApplicationContext [main] Refreshing org.springframework.web.context.support.GenericWebApplicationContext@4b79ac84
2021-02-22 00:06:34,422 DEBUG org.springframework.web.servlet.mvc.method.annotation.RequestMappingHandlerAdapter [main] ControllerAdvice beans: 0 @ModelAttribute, 0 @InitBinder, 1 RequestBodyAdvice, 1 ResponseBodyAdvice
2021-02-22 00:06:34,583 DEBUG org.springframework.web.servlet.handler.AbstractHandlerMethodMapping [main] 3 mappings in 'requestMappingHandlerMapping'
2021-02-22 00:06:34,680 DEBUG org.springframework.web.servlet.handler.SimpleUrlHandlerMapping [main] Patterns [/webjars/**, /**] in 'resourceHandlerMapping'
2021-02-22 00:06:34,705 DEBUG org.springframework.web.servlet.mvc.method.annotation.ExceptionHandlerExceptionResolver [main] ControllerAdvice beans: 1 @ExceptionHandler, 1 ResponseBodyAdvice
2021-02-22 00:06:35,353 DEBUG org.springframework.context.support.AbstractApplicationContext [SpringContextShutdownHook] Closing org.springframework.web.context.support.GenericWebApplicationContext@4b79ac84, started on Mon Feb 22 00:06:32 CET 2021
2021-02-22 00:08:10,014 DEBUG org.springframework.context.support.AbstractApplicationContext [main] Refreshing org.springframework.web.context.support.GenericWebApplicationContext@4b79ac84
2021-02-22 00:08:11,460 DEBUG org.springframework.web.servlet.mvc.method.annotation.RequestMappingHandlerAdapter [main] ControllerAdvice beans: 0 @ModelAttribute, 0 @InitBinder, 1 RequestBodyAdvice, 1 ResponseBodyAdvice
2021-02-22 00:08:11,600 DEBUG org.springframework.web.servlet.handler.AbstractHandlerMethodMapping [main] 3 mappings in 'requestMappingHandlerMapping'
2021-02-22 00:08:11,680 DEBUG org.springframework.web.servlet.handler.SimpleUrlHandlerMapping [main] Patterns [/webjars/**, /**] in 'resourceHandlerMapping'
2021-02-22 00:08:11,703 DEBUG org.springframework.web.servlet.mvc.method.annotation.ExceptionHandlerExceptionResolver [main] ControllerAdvice beans: 1 @ExceptionHandler, 1 ResponseBodyAdvice
2021-02-22 00:08:12,365 DEBUG org.springframework.context.support.AbstractApplicationContext [SpringContextShutdownHook] Closing org.springframework.web.context.support.GenericWebApplicationContext@4b79ac84, started on Mon Feb 22 00:08:10 CET 2021
2021-02-22 00:16:41,630 DEBUG org.springframework.context.support.AbstractApplicationContext [main] Refreshing org.springframework.web.context.support.GenericWebApplicationContext@4b79ac84
2021-02-22 00:16:43,273 DEBUG org.springframework.web.servlet.mvc.method.annotation.RequestMappingHandlerAdapter [main] ControllerAdvice beans: 0 @ModelAttribute, 0 @InitBinder, 1 RequestBodyAdvice, 1 ResponseBodyAdvice
2021-02-22 00:16:43,412 DEBUG org.springframework.web.servlet.handler.AbstractHandlerMethodMapping [main] 3 mappings in 'requestMappingHandlerMapping'
2021-02-22 00:16:43,521 DEBUG org.springframework.web.servlet.handler.SimpleUrlHandlerMapping [main] Patterns [/webjars/**, /**] in 'resourceHandlerMapping'
2021-02-22 00:16:43,559 DEBUG org.springframework.web.servlet.mvc.method.annotation.ExceptionHandlerExceptionResolver [main] ControllerAdvice beans: 1 @ExceptionHandler, 1 ResponseBodyAdvice
2021-02-22 00:16:44,251 DEBUG org.springframework.context.support.AbstractApplicationContext [SpringContextShutdownHook] Closing org.springframework.web.context.support.GenericWebApplicationContext@4b79ac84, started on Mon Feb 22 00:16:41 CET 2021
2021-02-22 00:16:59,089 DEBUG org.springframework.web.servlet.mvc.method.annotation.RequestMappingHandlerAdapter [restartedMain] ControllerAdvice beans: 0 @ModelAttribute, 0 @InitBinder, 1 RequestBodyAdvice, 1 ResponseBodyAdvice
2021-02-22 00:16:59,150 DEBUG org.springframework.web.servlet.handler.AbstractHandlerMethodMapping [restartedMain] 3 mappings in 'requestMappingHandlerMapping'
2021-02-22 00:16:59,173 DEBUG org.springframework.web.servlet.handler.SimpleUrlHandlerMapping [restartedMain] Patterns [/webjars/**, /**] in 'resourceHandlerMapping'
2021-02-22 00:16:59,181 DEBUG org.springframework.web.servlet.mvc.method.annotation.ExceptionHandlerExceptionResolver [restartedMain] ControllerAdvice beans: 1 @ExceptionHandler, 1 ResponseBodyAdvice
2021-02-22 00:17:07,102 INFO org.springframework.web.servlet.FrameworkServlet [http-nio-8080-exec-1] Initializing Servlet 'dispatcherServlet'
2021-02-22 00:17:07,102 DEBUG org.springframework.web.servlet.DispatcherServlet [http-nio-8080-exec-1] Detected StandardServletMultipartResolver
2021-02-22 00:17:07,103 DEBUG org.springframework.web.servlet.DispatcherServlet [http-nio-8080-exec-1] Detected AcceptHeaderLocaleResolver
2021-02-22 00:17:07,103 DEBUG org.springframework.web.servlet.DispatcherServlet [http-nio-8080-exec-1] Detected FixedThemeResolver
2021-02-22 00:17:07,103 DEBUG org.springframework.web.servlet.DispatcherServlet [http-nio-8080-exec-1] Detected org.springframework.web.servlet.view.DefaultRequestToViewNameTranslator@6981c126
2021-02-22 00:17:07,104 DEBUG org.springframework.web.servlet.DispatcherServlet [http-nio-8080-exec-1] Detected org.springframework.web.servlet.support.SessionFlashMapManager@5af7787e
2021-02-22 00:17:07,104 DEBUG org.springframework.web.servlet.FrameworkServlet [http-nio-8080-exec-1] enableLoggingRequestDetails='false': request parameters and headers will be masked to prevent unsafe logging of potentially sensitive data
2021-02-22 00:17:07,104 INFO org.springframework.web.servlet.FrameworkServlet [http-nio-8080-exec-1] Completed initialization in 2 ms
2021-02-22 00:17:07,113 DEBUG org.springframework.core.log.LogFormatUtils [http-nio-8080-exec-1] GET "/fizzbuzz/90", parameters={}
2021-02-22 00:17:07,120 DEBUG org.springframework.web.servlet.handler.AbstractHandlerMapping [http-nio-8080-exec-1] Mapped to com.fizzbuzz.apirest.controllers.FizzBuzzController#fizzBuzz(int, HttpServletResponse)
2021-02-22 00:17:07,256 DEBUG org.springframework.web.servlet.mvc.method.annotation.AbstractMessageConverterMethodProcessor [http-nio-8080-exec-1] Using 'application/json;q=0.8', given [text/html, application/xhtml+xml, image/avif, image/webp, image/apng, application/xml;q=0.9, application/signed-exchange;v=b3;q=0.9, */*;q=0.8] and supported [application/json]
2021-02-22 00:17:07,256 DEBUG org.springframework.core.log.LogFormatUtils [http-nio-8080-exec-1] Writing ["{"fizzBuzz":[90,105,120,135,150,165,180,195],"buzz":[95,100,110,115,125,130,140,145,155,160,170,175 (truncated)...]
2021-02-22 00:17:07,264 DEBUG org.springframework.web.servlet.FrameworkServlet [http-nio-8080-exec-1] Completed 200 OK
2021-02-22 00:17:07,792 DEBUG org.springframework.core.log.LogFormatUtils [http-nio-8080-exec-2] GET "/fizzbuzz/90", parameters={}
2021-02-22 00:17:07,793 DEBUG org.springframework.web.servlet.handler.AbstractHandlerMapping [http-nio-8080-exec-2] Mapped to com.fizzbuzz.apirest.controllers.FizzBuzzController#fizzBuzz(int, HttpServletResponse)
2021-02-22 00:17:07,799 DEBUG org.springframework.web.servlet.mvc.method.annotation.AbstractMessageConverterMethodProcessor [http-nio-8080-exec-2] Using 'application/json;q=0.8', given [text/html, application/xhtml+xml, image/avif, image/webp, image/apng, application/xml;q=0.9, application/signed-exchange;v=b3;q=0.9, */*;q=0.8] and supported [application/json]
2021-02-22 00:17:07,800 DEBUG org.springframework.core.log.LogFormatUtils [http-nio-8080-exec-2] Writing ["{"fizzBuzz":[90,105,120,135,150,165,180,195],"buzz":[95,100,110,115,125,130,140,145,155,160,170,175 (truncated)...]
2021-02-22 00:17:07,803 DEBUG org.springframework.web.servlet.FrameworkServlet [http-nio-8080-exec-2] Completed 200 OK
2021-02-22 00:17:07,985 DEBUG org.springframework.core.log.LogFormatUtils [http-nio-8080-exec-3] GET "/fizzbuzz/90", parameters={}
2021-02-22 00:17:07,987 DEBUG org.springframework.web.servlet.handler.AbstractHandlerMapping [http-nio-8080-exec-3] Mapped to com.fizzbuzz.apirest.controllers.FizzBuzzController#fizzBuzz(int, HttpServletResponse)
2021-02-22 00:17:07,996 DEBUG org.springframework.web.servlet.mvc.method.annotation.AbstractMessageConverterMethodProcessor [http-nio-8080-exec-3] Using 'application/json;q=0.8', given [text/html, application/xhtml+xml, image/avif, image/webp, image/apng, application/xml;q=0.9, application/signed-exchange;v=b3;q=0.9, */*;q=0.8] and supported [application/json]
2021-02-22 00:17:07,997 DEBUG org.springframework.core.log.LogFormatUtils [http-nio-8080-exec-3] Writing ["{"fizzBuzz":[90,105,120,135,150,165,180,195],"buzz":[95,100,110,115,125,130,140,145,155,160,170,175 (truncated)...]
2021-02-22 00:17:07,998 DEBUG org.springframework.web.servlet.FrameworkServlet [http-nio-8080-exec-3] Completed 200 OK
2021-02-22 00:17:08,219 DEBUG org.springframework.core.log.LogFormatUtils [http-nio-8080-exec-4] GET "/fizzbuzz/90", parameters={}
2021-02-22 00:17:08,220 DEBUG org.springframework.web.servlet.handler.AbstractHandlerMapping [http-nio-8080-exec-4] Mapped to com.fizzbuzz.apirest.controllers.FizzBuzzController#fizzBuzz(int, HttpServletResponse)
2021-02-22 00:17:08,223 DEBUG org.springframework.web.servlet.mvc.method.annotation.AbstractMessageConverterMethodProcessor [http-nio-8080-exec-4] Using 'application/json;q=0.8', given [text/html, application/xhtml+xml, image/avif, image/webp, image/apng, application/xml;q=0.9, application/signed-exchange;v=b3;q=0.9, */*;q=0.8] and supported [application/json]
2021-02-22 00:17:08,223 DEBUG org.springframework.core.log.LogFormatUtils [http-nio-8080-exec-4] Writing ["{"fizzBuzz":[90,105,120,135,150,165,180,195],"buzz":[95,100,110,115,125,130,140,145,155,160,170,175 (truncated)...]
2021-02-22 00:17:08,224 DEBUG org.springframework.web.servlet.FrameworkServlet [http-nio-8080-exec-4] Completed 200 OK
2021-02-22 00:17:08,434 DEBUG org.springframework.core.log.LogFormatUtils [http-nio-8080-exec-5] GET "/fizzbuzz/90", parameters={}
2021-02-22 00:17:08,434 DEBUG org.springframework.web.servlet.handler.AbstractHandlerMapping [http-nio-8080-exec-5] Mapped to com.fizzbuzz.apirest.controllers.FizzBuzzController#fizzBuzz(int, HttpServletResponse)
2021-02-22 00:17:08,438 DEBUG org.springframework.web.servlet.mvc.method.annotation.AbstractMessageConverterMethodProcessor [http-nio-8080-exec-5] Using 'application/json;q=0.8', given [text/html, application/xhtml+xml, image/avif, image/webp, image/apng, application/xml;q=0.9, application/signed-exchange;v=b3;q=0.9, */*;q=0.8] and supported [application/json]
2021-02-22 00:17:08,439 DEBUG org.springframework.core.log.LogFormatUtils [http-nio-8080-exec-5] Writing ["{"fizzBuzz":[90,105,120,135,150,165,180,195],"buzz":[95,100,110,115,125,130,140,145,155,160,170,175 (truncated)...]
2021-02-22 00:17:08,439 DEBUG org.springframework.web.servlet.FrameworkServlet [http-nio-8080-exec-5] Completed 200 OK
2021-02-22 00:17:08,653 DEBUG org.springframework.core.log.LogFormatUtils [http-nio-8080-exec-6] GET "/fizzbuzz/90", parameters={}
2021-02-22 00:17:08,654 DEBUG org.springframework.web.servlet.handler.AbstractHandlerMapping [http-nio-8080-exec-6] Mapped to com.fizzbuzz.apirest.controllers.FizzBuzzController#fizzBuzz(int, HttpServletResponse)
2021-02-22 00:17:08,657 DEBUG org.springframework.web.servlet.mvc.method.annotation.AbstractMessageConverterMethodProcessor [http-nio-8080-exec-6] Using 'application/json;q=0.8', given [text/html, application/xhtml+xml, image/avif, image/webp, image/apng, application/xml;q=0.9, application/signed-exchange;v=b3;q=0.9, */*;q=0.8] and supported [application/json]
2021-02-22 00:17:08,658 DEBUG org.springframework.core.log.LogFormatUtils [http-nio-8080-exec-6] Writing ["{"fizzBuzz":[90,105,120,135,150,165,180,195],"buzz":[95,100,110,115,125,130,140,145,155,160,170,175 (truncated)...]
2021-02-22 00:17:08,658 DEBUG org.springframework.web.servlet.FrameworkServlet [http-nio-8080-exec-6] Completed 200 OK
2021-02-22 00:17:08,810 DEBUG org.springframework.core.log.LogFormatUtils [http-nio-8080-exec-7] GET "/fizzbuzz/90", parameters={}
2021-02-22 00:17:08,811 DEBUG org.springframework.web.servlet.handler.AbstractHandlerMapping [http-nio-8080-exec-7] Mapped to com.fizzbuzz.apirest.controllers.FizzBuzzController#fizzBuzz(int, HttpServletResponse)
2021-02-22 00:17:08,816 DEBUG org.springframework.web.servlet.mvc.method.annotation.AbstractMessageConverterMethodProcessor [http-nio-8080-exec-7] Using 'application/json;q=0.8', given [text/html, application/xhtml+xml, image/avif, image/webp, image/apng, application/xml;q=0.9, application/signed-exchange;v=b3;q=0.9, */*;q=0.8] and supported [application/json]
2021-02-22 00:17:08,816 DEBUG org.springframework.core.log.LogFormatUtils [http-nio-8080-exec-7] Writing ["{"fizzBuzz":[90,105,120,135,150,165,180,195],"buzz":[95,100,110,115,125,130,140,145,155,160,170,175 (truncated)...]
2021-02-22 00:17:08,817 DEBUG org.springframework.web.servlet.FrameworkServlet [http-nio-8080-exec-7] Completed 200 OK
2021-02-22 00:17:08,979 DEBUG org.springframework.core.log.LogFormatUtils [http-nio-8080-exec-8] GET "/fizzbuzz/90", parameters={}
2021-02-22 00:17:08,980 DEBUG org.springframework.web.servlet.handler.AbstractHandlerMapping [http-nio-8080-exec-8] Mapped to com.fizzbuzz.apirest.controllers.FizzBuzzController#fizzBuzz(int, HttpServletResponse)
2021-02-22 00:17:08,986 DEBUG org.springframework.web.servlet.mvc.method.annotation.AbstractMessageConverterMethodProcessor [http-nio-8080-exec-8] Using 'application/json;q=0.8', given [text/html, application/xhtml+xml, image/avif, image/webp, image/apng, application/xml;q=0.9, application/signed-exchange;v=b3;q=0.9, */*;q=0.8] and supported [application/json]
2021-02-22 00:17:08,986 DEBUG org.springframework.core.log.LogFormatUtils [http-nio-8080-exec-8] Writing ["{"fizzBuzz":[90,105,120,135,150,165,180,195],"buzz":[95,100,110,115,125,130,140,145,155,160,170,175 (truncated)...]
2021-02-22 00:17:08,987 DEBUG org.springframework.web.servlet.FrameworkServlet [http-nio-8080-exec-8] Completed 200 OK
2021-02-22 00:17:09,145 DEBUG org.springframework.core.log.LogFormatUtils [http-nio-8080-exec-9] GET "/fizzbuzz/90", parameters={}
2021-02-22 00:17:09,145 DEBUG org.springframework.web.servlet.handler.AbstractHandlerMapping [http-nio-8080-exec-9] Mapped to com.fizzbuzz.apirest.controllers.FizzBuzzController#fizzBuzz(int, HttpServletResponse)
2021-02-22 00:17:09,151 DEBUG org.springframework.web.servlet.mvc.method.annotation.AbstractMessageConverterMethodProcessor [http-nio-8080-exec-9] Using 'application/json;q=0.8', given [text/html, application/xhtml+xml, image/avif, image/webp, image/apng, application/xml;q=0.9, application/signed-exchange;v=b3;q=0.9, */*;q=0.8] and supported [application/json]
2021-02-22 00:17:09,152 DEBUG org.springframework.core.log.LogFormatUtils [http-nio-8080-exec-9] Writing ["{"fizzBuzz":[90,105,120,135,150,165,180,195],"buzz":[95,100,110,115,125,130,140,145,155,160,170,175 (truncated)...]
2021-02-22 00:17:09,152 DEBUG org.springframework.web.servlet.FrameworkServlet [http-nio-8080-exec-9] Completed 200 OK
2021-02-22 00:17:09,310 DEBUG org.springframework.core.log.LogFormatUtils [http-nio-8080-exec-10] GET "/fizzbuzz/90", parameters={}
2021-02-22 00:17:09,311 DEBUG org.springframework.web.servlet.handler.AbstractHandlerMapping [http-nio-8080-exec-10] Mapped to com.fizzbuzz.apirest.controllers.FizzBuzzController#fizzBuzz(int, HttpServletResponse)
2021-02-22 00:17:09,317 DEBUG org.springframework.web.servlet.mvc.method.annotation.AbstractMessageConverterMethodProcessor [http-nio-8080-exec-10] Using 'application/json;q=0.8', given [text/html, application/xhtml+xml, image/avif, image/webp, image/apng, application/xml;q=0.9, application/signed-exchange;v=b3;q=0.9, */*;q=0.8] and supported [application/json]
2021-02-22 00:17:09,317 DEBUG org.springframework.core.log.LogFormatUtils [http-nio-8080-exec-10] Writing ["{"fizzBuzz":[90,105,120,135,150,165,180,195],"buzz":[95,100,110,115,125,130,140,145,155,160,170,175 (truncated)...]
2021-02-22 00:17:09,318 DEBUG org.springframework.web.servlet.FrameworkServlet [http-nio-8080-exec-10] Completed 200 OK
2021-02-22 00:17:09,459 DEBUG org.springframework.core.log.LogFormatUtils [http-nio-8080-exec-1] GET "/fizzbuzz/90", parameters={}
2021-02-22 00:17:09,460 DEBUG org.springframework.web.servlet.handler.AbstractHandlerMapping [http-nio-8080-exec-1] Mapped to com.fizzbuzz.apirest.controllers.FizzBuzzController#fizzBuzz(int, HttpServletResponse)
2021-02-22 00:17:09,465 DEBUG org.springframework.web.servlet.mvc.method.annotation.AbstractMessageConverterMethodProcessor [http-nio-8080-exec-1] Using 'application/json;q=0.8', given [text/html, application/xhtml+xml, image/avif, image/webp, image/apng, application/xml;q=0.9, application/signed-exchange;v=b3;q=0.9, */*;q=0.8] and supported [application/json]
2021-02-22 00:17:09,465 DEBUG org.springframework.core.log.LogFormatUtils [http-nio-8080-exec-1] Writing ["{"fizzBuzz":[90,105,120,135,150,165,180,195],"buzz":[95,100,110,115,125,130,140,145,155,160,170,175 (truncated)...]
2021-02-22 00:17:09,466 DEBUG org.springframework.web.servlet.FrameworkServlet [http-nio-8080-exec-1] Completed 200 OK
2021-02-22 00:17:09,625 DEBUG org.springframework.core.log.LogFormatUtils [http-nio-8080-exec-2] GET "/fizzbuzz/90", parameters={}
2021-02-22 00:17:09,626 DEBUG org.springframework.web.servlet.handler.AbstractHandlerMapping [http-nio-8080-exec-2] Mapped to com.fizzbuzz.apirest.controllers.FizzBuzzController#fizzBuzz(int, HttpServletResponse)
2021-02-22 00:17:09,629 DEBUG org.springframework.web.servlet.mvc.method.annotation.AbstractMessageConverterMethodProcessor [http-nio-8080-exec-2] Using 'application/json;q=0.8', given [text/html, application/xhtml+xml, image/avif, image/webp, image/apng, application/xml;q=0.9, application/signed-exchange;v=b3;q=0.9, */*;q=0.8] and supported [application/json]
2021-02-22 00:17:09,630 DEBUG org.springframework.core.log.LogFormatUtils [http-nio-8080-exec-2] Writing ["{"fizzBuzz":[90,105,120,135,150,165,180,195],"buzz":[95,100,110,115,125,130,140,145,155,160,170,175 (truncated)...]
2021-02-22 00:17:09,630 DEBUG org.springframework.web.servlet.FrameworkServlet [http-nio-8080-exec-2] Completed 200 OK
2021-02-22 00:17:09,778 DEBUG org.springframework.core.log.LogFormatUtils [http-nio-8080-exec-3] GET "/fizzbuzz/90", parameters={}
2021-02-22 00:17:09,779 DEBUG org.springframework.web.servlet.handler.AbstractHandlerMapping [http-nio-8080-exec-3] Mapped to com.fizzbuzz.apirest.controllers.FizzBuzzController#fizzBuzz(int, HttpServletResponse)
2021-02-22 00:17:09,785 DEBUG org.springframework.web.servlet.mvc.method.annotation.AbstractMessageConverterMethodProcessor [http-nio-8080-exec-3] Using 'application/json;q=0.8', given [text/html, application/xhtml+xml, image/avif, image/webp, image/apng, application/xml;q=0.9, application/signed-exchange;v=b3;q=0.9, */*;q=0.8] and supported [application/json]
2021-02-22 00:17:09,786 DEBUG org.springframework.core.log.LogFormatUtils [http-nio-8080-exec-3] Writing ["{"fizzBuzz":[90,105,120,135,150,165,180,195],"buzz":[95,100,110,115,125,130,140,145,155,160,170,175 (truncated)...]
2021-02-22 00:17:09,790 DEBUG org.springframework.web.servlet.FrameworkServlet [http-nio-8080-exec-3] Completed 200 OK
2021-02-22 00:17:09,947 DEBUG org.springframework.core.log.LogFormatUtils [http-nio-8080-exec-4] GET "/fizzbuzz/90", parameters={}
2021-02-22 00:17:09,948 DEBUG org.springframework.web.servlet.handler.AbstractHandlerMapping [http-nio-8080-exec-4] Mapped to com.fizzbuzz.apirest.controllers.FizzBuzzController#fizzBuzz(int, HttpServletResponse)
2021-02-22 00:17:09,954 DEBUG org.springframework.web.servlet.mvc.method.annotation.AbstractMessageConverterMethodProcessor [http-nio-8080-exec-4] Using 'application/json;q=0.8', given [text/html, application/xhtml+xml, image/avif, image/webp, image/apng, application/xml;q=0.9, application/signed-exchange;v=b3;q=0.9, */*;q=0.8] and supported [application/json]
2021-02-22 00:17:09,955 DEBUG org.springframework.core.log.LogFormatUtils [http-nio-8080-exec-4] Writing ["{"fizzBuzz":[90,105,120,135,150,165,180,195],"buzz":[95,100,110,115,125,130,140,145,155,160,170,175 (truncated)...]
2021-02-22 00:17:09,955 DEBUG org.springframework.web.servlet.FrameworkServlet [http-nio-8080-exec-4] Completed 200 OK
2021-02-22 00:17:10,097 DEBUG org.springframework.core.log.LogFormatUtils [http-nio-8080-exec-5] GET "/fizzbuzz/90", parameters={}
2021-02-22 00:17:10,098 DEBUG org.springframework.web.servlet.handler.AbstractHandlerMapping [http-nio-8080-exec-5] Mapped to com.fizzbuzz.apirest.controllers.FizzBuzzController#fizzBuzz(int, HttpServletResponse)
2021-02-22 00:17:10,105 DEBUG org.springframework.web.servlet.mvc.method.annotation.AbstractMessageConverterMethodProcessor [http-nio-8080-exec-5] Using 'application/json;q=0.8', given [text/html, application/xhtml+xml, image/avif, image/webp, image/apng, application/xml;q=0.9, application/signed-exchange;v=b3;q=0.9, */*;q=0.8] and supported [application/json]
2021-02-22 00:17:10,106 DEBUG org.springframework.core.log.LogFormatUtils [http-nio-8080-exec-5] Writing ["{"fizzBuzz":[90,105,120,135,150,165,180,195],"buzz":[95,100,110,115,125,130,140,145,155,160,170,175 (truncated)...]
2021-02-22 00:17:10,107 DEBUG org.springframework.web.servlet.FrameworkServlet [http-nio-8080-exec-5] Completed 200 OK
2021-02-22 00:17:10,230 DEBUG org.springframework.core.log.LogFormatUtils [http-nio-8080-exec-6] GET "/fizzbuzz/90", parameters={}
2021-02-22 00:17:10,231 DEBUG org.springframework.web.servlet.handler.AbstractHandlerMapping [http-nio-8080-exec-6] Mapped to com.fizzbuzz.apirest.controllers.FizzBuzzController#fizzBuzz(int, HttpServletResponse)
2021-02-22 00:17:10,241 DEBUG org.springframework.web.servlet.mvc.method.annotation.AbstractMessageConverterMethodProcessor [http-nio-8080-exec-6] Using 'application/json;q=0.8', given [text/html, application/xhtml+xml, image/avif, image/webp, image/apng, application/xml;q=0.9, application/signed-exchange;v=b3;q=0.9, */*;q=0.8] and supported [application/json]
2021-02-22 00:17:10,241 DEBUG org.springframework.core.log.LogFormatUtils [http-nio-8080-exec-6] Writing ["{"fizzBuzz":[90,105,120,135,150,165,180,195],"buzz":[95,100,110,115,125,130,140,145,155,160,170,175 (truncated)...]
2021-02-22 00:17:10,242 DEBUG org.springframework.web.servlet.FrameworkServlet [http-nio-8080-exec-6] Completed 200 OK
2021-02-22 00:18:06,669 DEBUG org.springframework.web.servlet.mvc.method.annotation.RequestMappingHandlerAdapter [restartedMain] ControllerAdvice beans: 0 @ModelAttribute, 0 @InitBinder, 1 RequestBodyAdvice, 1 ResponseBodyAdvice
2021-02-22 00:18:06,675 DEBUG org.springframework.web.servlet.handler.AbstractHandlerMethodMapping [restartedMain] 3 mappings in 'requestMappingHandlerMapping'
2021-02-22 00:18:06,686 DEBUG org.springframework.web.servlet.handler.SimpleUrlHandlerMapping [restartedMain] Patterns [/webjars/**, /**] in 'resourceHandlerMapping'
2021-02-22 00:18:06,690 DEBUG org.springframework.web.servlet.mvc.method.annotation.ExceptionHandlerExceptionResolver [restartedMain] ControllerAdvice beans: 1 @ExceptionHandler, 1 ResponseBodyAdvice
2021-02-22 00:18:13,722 DEBUG org.springframework.web.servlet.mvc.method.annotation.RequestMappingHandlerAdapter [restartedMain] ControllerAdvice beans: 0 @ModelAttribute, 0 @InitBinder, 1 RequestBodyAdvice, 1 ResponseBodyAdvice
2021-02-22 00:18:13,728 DEBUG org.springframework.web.servlet.handler.AbstractHandlerMethodMapping [restartedMain] 3 mappings in 'requestMappingHandlerMapping'
2021-02-22 00:18:13,742 DEBUG org.springframework.web.servlet.handler.SimpleUrlHandlerMapping [restartedMain] Patterns [/webjars/**, /**] in 'resourceHandlerMapping'
2021-02-22 00:18:13,747 DEBUG org.springframework.web.servlet.mvc.method.annotation.ExceptionHandlerExceptionResolver [restartedMain] ControllerAdvice beans: 1 @ExceptionHandler, 1 ResponseBodyAdvice
2021-02-22 00:18:37,839 DEBUG org.springframework.web.servlet.mvc.method.annotation.RequestMappingHandlerAdapter [restartedMain] ControllerAdvice beans: 0 @ModelAttribute, 0 @InitBinder, 1 RequestBodyAdvice, 1 ResponseBodyAdvice
2021-02-22 00:18:37,845 DEBUG org.springframework.web.servlet.handler.AbstractHandlerMethodMapping [restartedMain] 3 mappings in 'requestMappingHandlerMapping'
2021-02-22 00:18:37,855 DEBUG org.springframework.web.servlet.handler.SimpleUrlHandlerMapping [restartedMain] Patterns [/webjars/**, /**] in 'resourceHandlerMapping'
2021-02-22 00:18:37,860 DEBUG org.springframework.web.servlet.mvc.method.annotation.ExceptionHandlerExceptionResolver [restartedMain] ControllerAdvice beans: 1 @ExceptionHandler, 1 ResponseBodyAdvice
2021-02-22 00:18:46,845 DEBUG org.springframework.web.servlet.mvc.method.annotation.RequestMappingHandlerAdapter [restartedMain] ControllerAdvice beans: 0 @ModelAttribute, 0 @InitBinder, 1 RequestBodyAdvice, 1 ResponseBodyAdvice
2021-02-22 00:18:46,850 DEBUG org.springframework.web.servlet.handler.AbstractHandlerMethodMapping [restartedMain] 3 mappings in 'requestMappingHandlerMapping'
2021-02-22 00:18:46,860 DEBUG org.springframework.web.servlet.handler.SimpleUrlHandlerMapping [restartedMain] Patterns [/webjars/**, /**] in 'resourceHandlerMapping'
2021-02-22 00:18:46,864 DEBUG org.springframework.web.servlet.mvc.method.annotation.ExceptionHandlerExceptionResolver [restartedMain] ControllerAdvice beans: 1 @ExceptionHandler, 1 ResponseBodyAdvice
2021-02-22 00:19:19,751 INFO org.springframework.web.servlet.FrameworkServlet [http-nio-8080-exec-1] Initializing Servlet 'dispatcherServlet'
2021-02-22 00:19:19,752 DEBUG org.springframework.web.servlet.DispatcherServlet [http-nio-8080-exec-1] Detected StandardServletMultipartResolver
2021-02-22 00:19:19,752 DEBUG org.springframework.web.servlet.DispatcherServlet [http-nio-8080-exec-1] Detected AcceptHeaderLocaleResolver
2021-02-22 00:19:19,752 DEBUG org.springframework.web.servlet.DispatcherServlet [http-nio-8080-exec-1] Detected FixedThemeResolver
2021-02-22 00:19:19,752 DEBUG org.springframework.web.servlet.DispatcherServlet [http-nio-8080-exec-1] Detected org.springframework.web.servlet.view.DefaultRequestToViewNameTranslator@5380d213
2021-02-22 00:19:19,753 DEBUG org.springframework.web.servlet.DispatcherServlet [http-nio-8080-exec-1] Detected org.springframework.web.servlet.support.SessionFlashMapManager@5d472613
2021-02-22 00:19:19,753 DEBUG org.springframework.web.servlet.FrameworkServlet [http-nio-8080-exec-1] enableLoggingRequestDetails='false': request parameters and headers will be masked to prevent unsafe logging of potentially sensitive data
2021-02-22 00:19:19,753 INFO org.springframework.web.servlet.FrameworkServlet [http-nio-8080-exec-1] Completed initialization in 1 ms
2021-02-22 00:19:19,753 DEBUG org.springframework.core.log.LogFormatUtils [http-nio-8080-exec-1] GET "/fizzbuzz/90", parameters={}
2021-02-22 00:19:19,754 DEBUG org.springframework.web.servlet.handler.AbstractHandlerMapping [http-nio-8080-exec-1] Mapped to com.fizzbuzz.apirest.controllers.FizzBuzzController#fizzBuzz(int, HttpServletResponse)
2021-02-22 00:19:19,765 DEBUG org.springframework.web.servlet.mvc.method.annotation.AbstractMessageConverterMethodProcessor [http-nio-8080-exec-1] Using 'application/json;q=0.8', given [text/html, application/xhtml+xml, image/avif, image/webp, image/apng, application/xml;q=0.9, application/signed-exchange;v=b3;q=0.9, */*;q=0.8] and supported [application/json]
2021-02-22 00:19:19,765 DEBUG org.springframework.core.log.LogFormatUtils [http-nio-8080-exec-1] Writing ["{"fizzBuzz":[90,105,120,135,150,165,180,195],"buzz":[95,100,110,115,125,130,140,145,155,160,170,175 (truncated)...]
2021-02-22 00:19:19,766 DEBUG org.springframework.web.servlet.FrameworkServlet [http-nio-8080-exec-1] Completed 200 OK
2021-02-22 00:19:20,253 DEBUG org.springframework.core.log.LogFormatUtils [http-nio-8080-exec-2] GET "/fizzbuzz/90", parameters={}
2021-02-22 00:19:20,253 DEBUG org.springframework.web.servlet.handler.AbstractHandlerMapping [http-nio-8080-exec-2] Mapped to com.fizzbuzz.apirest.controllers.FizzBuzzController#fizzBuzz(int, HttpServletResponse)
2021-02-22 00:19:20,260 DEBUG org.springframework.web.servlet.mvc.method.annotation.AbstractMessageConverterMethodProcessor [http-nio-8080-exec-2] Using 'application/json;q=0.8', given [text/html, application/xhtml+xml, image/avif, image/webp, image/apng, application/xml;q=0.9, application/signed-exchange;v=b3;q=0.9, */*;q=0.8] and supported [application/json]
2021-02-22 00:19:20,260 DEBUG org.springframework.core.log.LogFormatUtils [http-nio-8080-exec-2] Writing ["{"fizzBuzz":[90,105,120,135,150,165,180,195],"buzz":[95,100,110,115,125,130,140,145,155,160,170,175 (truncated)...]
2021-02-22 00:19:20,262 DEBUG org.springframework.web.servlet.FrameworkServlet [http-nio-8080-exec-2] Completed 200 OK
2021-02-22 00:19:20,649 DEBUG org.springframework.core.log.LogFormatUtils [http-nio-8080-exec-3] GET "/fizzbuzz/90", parameters={}
2021-02-22 00:19:20,649 DEBUG org.springframework.web.servlet.handler.AbstractHandlerMapping [http-nio-8080-exec-3] Mapped to com.fizzbuzz.apirest.controllers.FizzBuzzController#fizzBuzz(int, HttpServletResponse)
2021-02-22 00:19:20,652 DEBUG org.springframework.web.servlet.mvc.method.annotation.AbstractMessageConverterMethodProcessor [http-nio-8080-exec-3] Using 'application/json;q=0.8', given [text/html, application/xhtml+xml, image/avif, image/webp, image/apng, application/xml;q=0.9, application/signed-exchange;v=b3;q=0.9, */*;q=0.8] and supported [application/json]
2021-02-22 00:19:20,653 DEBUG org.springframework.core.log.LogFormatUtils [http-nio-8080-exec-3] Writing ["{"fizzBuzz":[90,105,120,135,150,165,180,195],"buzz":[95,100,110,115,125,130,140,145,155,160,170,175 (truncated)...]
2021-02-22 00:19:20,653 DEBUG org.springframework.web.servlet.FrameworkServlet [http-nio-8080-exec-3] Completed 200 OK
2021-02-22 00:19:20,937 DEBUG org.springframework.core.log.LogFormatUtils [http-nio-8080-exec-4] GET "/fizzbuzz/90", parameters={}
2021-02-22 00:19:20,937 DEBUG org.springframework.web.servlet.handler.AbstractHandlerMapping [http-nio-8080-exec-4] Mapped to com.fizzbuzz.apirest.controllers.FizzBuzzController#fizzBuzz(int, HttpServletResponse)
2021-02-22 00:19:20,941 DEBUG org.springframework.web.servlet.mvc.method.annotation.AbstractMessageConverterMethodProcessor [http-nio-8080-exec-4] Using 'application/json;q=0.8', given [text/html, application/xhtml+xml, image/avif, image/webp, image/apng, application/xml;q=0.9, application/signed-exchange;v=b3;q=0.9, */*;q=0.8] and supported [application/json]
2021-02-22 00:19:20,941 DEBUG org.springframework.core.log.LogFormatUtils [http-nio-8080-exec-4] Writing ["{"fizzBuzz":[90,105,120,135,150,165,180,195],"buzz":[95,100,110,115,125,130,140,145,155,160,170,175 (truncated)...]
2021-02-22 00:19:20,942 DEBUG org.springframework.web.servlet.FrameworkServlet [http-nio-8080-exec-4] Completed 200 OK
2021-02-22 00:19:21,173 DEBUG org.springframework.core.log.LogFormatUtils [http-nio-8080-exec-5] GET "/fizzbuzz/90", parameters={}
2021-02-22 00:19:21,174 DEBUG org.springframework.web.servlet.handler.AbstractHandlerMapping [http-nio-8080-exec-5] Mapped to com.fizzbuzz.apirest.controllers.FizzBuzzController#fizzBuzz(int, HttpServletResponse)
2021-02-22 00:19:21,180 DEBUG org.springframework.web.servlet.mvc.method.annotation.AbstractMessageConverterMethodProcessor [http-nio-8080-exec-5] Using 'application/json;q=0.8', given [text/html, application/xhtml+xml, image/avif, image/webp, image/apng, application/xml;q=0.9, application/signed-exchange;v=b3;q=0.9, */*;q=0.8] and supported [application/json]
2021-02-22 00:19:21,180 DEBUG org.springframework.core.log.LogFormatUtils [http-nio-8080-exec-5] Writing ["{"fizzBuzz":[90,105,120,135,150,165,180,195],"buzz":[95,100,110,115,125,130,140,145,155,160,170,175 (truncated)...]
2021-02-22 00:19:21,181 DEBUG org.springframework.web.servlet.FrameworkServlet [http-nio-8080-exec-5] Completed 200 OK
2021-02-22 00:19:21,430 DEBUG org.springframework.core.log.LogFormatUtils [http-nio-8080-exec-6] GET "/fizzbuzz/90", parameters={}
2021-02-22 00:19:21,430 DEBUG org.springframework.web.servlet.handler.AbstractHandlerMapping [http-nio-8080-exec-6] Mapped to com.fizzbuzz.apirest.controllers.FizzBuzzController#fizzBuzz(int, HttpServletResponse)
2021-02-22 00:19:21,434 DEBUG org.springframework.web.servlet.mvc.method.annotation.AbstractMessageConverterMethodProcessor [http-nio-8080-exec-6] Using 'application/json;q=0.8', given [text/html, application/xhtml+xml, image/avif, image/webp, image/apng, application/xml;q=0.9, application/signed-exchange;v=b3;q=0.9, */*;q=0.8] and supported [application/json]
2021-02-22 00:19:21,434 DEBUG org.springframework.core.log.LogFormatUtils [http-nio-8080-exec-6] Writing ["{"fizzBuzz":[90,105,120,135,150,165,180,195],"buzz":[95,100,110,115,125,130,140,145,155,160,170,175 (truncated)...]
2021-02-22 00:19:21,435 DEBUG org.springframework.web.servlet.FrameworkServlet [http-nio-8080-exec-6] Completed 200 OK
2021-02-22 00:20:10,257 DEBUG org.springframework.web.servlet.mvc.method.annotation.RequestMappingHandlerAdapter [restartedMain] ControllerAdvice beans: 0 @ModelAttribute, 0 @InitBinder, 1 RequestBodyAdvice, 1 ResponseBodyAdvice
2021-02-22 00:20:10,262 DEBUG org.springframework.web.servlet.handler.AbstractHandlerMethodMapping [restartedMain] 3 mappings in 'requestMappingHandlerMapping'
2021-02-22 00:20:10,272 DEBUG org.springframework.web.servlet.handler.SimpleUrlHandlerMapping [restartedMain] Patterns [/webjars/**, /**] in 'resourceHandlerMapping'
2021-02-22 00:20:10,275 DEBUG org.springframework.web.servlet.mvc.method.annotation.ExceptionHandlerExceptionResolver [restartedMain] ControllerAdvice beans: 1 @ExceptionHandler, 1 ResponseBodyAdvice
2021-02-22 00:20:56,014 DEBUG org.springframework.context.support.AbstractApplicationContext [main] Refreshing org.springframework.web.context.support.GenericWebApplicationContext@27d4a09
2021-02-22 00:20:57,475 DEBUG org.springframework.web.servlet.mvc.method.annotation.RequestMappingHandlerAdapter [main] ControllerAdvice beans: 0 @ModelAttribute, 0 @InitBinder, 1 RequestBodyAdvice, 1 ResponseBodyAdvice
2021-02-22 00:20:57,620 DEBUG org.springframework.web.servlet.handler.AbstractHandlerMethodMapping [main] 3 mappings in 'requestMappingHandlerMapping'
2021-02-22 00:20:57,724 DEBUG org.springframework.web.servlet.handler.SimpleUrlHandlerMapping [main] Patterns [/webjars/**, /**] in 'resourceHandlerMapping'
2021-02-22 00:20:57,746 DEBUG org.springframework.web.servlet.mvc.method.annotation.ExceptionHandlerExceptionResolver [main] ControllerAdvice beans: 1 @ExceptionHandler, 1 ResponseBodyAdvice
2021-02-22 00:20:58,025 DEBUG org.springframework.context.support.AbstractApplicationContext [SpringContextShutdownHook] Closing org.springframework.web.context.support.GenericWebApplicationContext@27d4a09, started on Mon Feb 22 00:20:56 CET 2021
2021-02-22 00:21:42,964 DEBUG org.springframework.context.support.AbstractApplicationContext [main] Refreshing org.springframework.web.context.support.GenericWebApplicationContext@1b835480
2021-02-22 00:21:44,617 DEBUG org.springframework.web.servlet.mvc.method.annotation.RequestMappingHandlerAdapter [main] ControllerAdvice beans: 0 @ModelAttribute, 0 @InitBinder, 1 RequestBodyAdvice, 1 ResponseBodyAdvice
2021-02-22 00:21:44,749 DEBUG org.springframework.web.servlet.handler.AbstractHandlerMethodMapping [main] 3 mappings in 'requestMappingHandlerMapping'
2021-02-22 00:21:44,835 DEBUG org.springframework.web.servlet.handler.SimpleUrlHandlerMapping [main] Patterns [/webjars/**, /**] in 'resourceHandlerMapping'
2021-02-22 00:21:44,863 DEBUG org.springframework.web.servlet.mvc.method.annotation.ExceptionHandlerExceptionResolver [main] ControllerAdvice beans: 1 @ExceptionHandler, 1 ResponseBodyAdvice
2021-02-22 00:21:45,916 DEBUG org.springframework.context.support.AbstractApplicationContext [SpringContextShutdownHook] Closing org.springframework.web.context.support.GenericWebApplicationContext@1b835480, started on Mon Feb 22 00:21:42 CET 2021
2021-02-22 00:24:56,035 DEBUG org.springframework.context.support.AbstractApplicationContext [main] Refreshing org.springframework.web.context.support.GenericWebApplicationContext@3e7dd664
2021-02-22 00:24:57,560 DEBUG org.springframework.web.servlet.mvc.method.annotation.RequestMappingHandlerAdapter [main] ControllerAdvice beans: 0 @ModelAttribute, 0 @InitBinder, 1 RequestBodyAdvice, 1 ResponseBodyAdvice
2021-02-22 00:24:57,700 DEBUG org.springframework.web.servlet.handler.AbstractHandlerMethodMapping [main] 3 mappings in 'requestMappingHandlerMapping'
2021-02-22 00:24:57,787 DEBUG org.springframework.web.servlet.handler.SimpleUrlHandlerMapping [main] Patterns [/webjars/**, /**] in 'resourceHandlerMapping'
2021-02-22 00:24:57,810 DEBUG org.springframework.web.servlet.mvc.method.annotation.ExceptionHandlerExceptionResolver [main] ControllerAdvice beans: 1 @ExceptionHandler, 1 ResponseBodyAdvice
2021-02-22 00:24:58,768 DEBUG org.springframework.context.support.AbstractApplicationContext [SpringContextShutdownHook] Closing org.springframework.web.context.support.GenericWebApplicationContext@3e7dd664, started on Mon Feb 22 00:24:56 CET 2021
2021-02-22 00:27:29,806 INFO org.springframework.web.servlet.FrameworkServlet [http-nio-8080-exec-1] Initializing Servlet 'dispatcherServlet'
2021-02-22 00:27:29,808 DEBUG org.springframework.web.servlet.DispatcherServlet [http-nio-8080-exec-1] Detected StandardServletMultipartResolver
2021-02-22 00:27:29,809 DEBUG org.springframework.web.servlet.DispatcherServlet [http-nio-8080-exec-1] Detected AcceptHeaderLocaleResolver
2021-02-22 00:27:29,809 DEBUG org.springframework.web.servlet.DispatcherServlet [http-nio-8080-exec-1] Detected FixedThemeResolver
2021-02-22 00:27:29,810 DEBUG org.springframework.web.servlet.DispatcherServlet [http-nio-8080-exec-1] Detected org.springframework.web.servlet.view.DefaultRequestToViewNameTranslator@11b286c1
2021-02-22 00:27:29,810 DEBUG org.springframework.web.servlet.DispatcherServlet [http-nio-8080-exec-1] Detected org.springframework.web.servlet.support.SessionFlashMapManager@1f756a87
2021-02-22 00:27:29,810 DEBUG org.springframework.web.servlet.FrameworkServlet [http-nio-8080-exec-1] enableLoggingRequestDetails='false': request parameters and headers will be masked to prevent unsafe logging of potentially sensitive data
2021-02-22 00:27:29,810 INFO org.springframework.web.servlet.FrameworkServlet [http-nio-8080-exec-1] Completed initialization in 2 ms
2021-02-22 00:27:29,810 DEBUG org.springframework.core.log.LogFormatUtils [http-nio-8080-exec-1] GET "/fizzbuzz/20", parameters={}
2021-02-22 00:27:29,811 DEBUG org.springframework.web.servlet.handler.AbstractHandlerMapping [http-nio-8080-exec-1] Mapped to com.fizzbuzz.apirest.controllers.FizzBuzzController#fizzBuzz(int, HttpServletResponse)
2021-02-22 00:27:29,820 DEBUG org.springframework.web.servlet.mvc.method.annotation.AbstractMessageConverterMethodProcessor [http-nio-8080-exec-1] Using 'application/json;q=0.8', given [text/html, application/xhtml+xml, image/avif, image/webp, image/apng, application/xml;q=0.9, application/signed-exchange;v=b3;q=0.9, */*;q=0.8] and supported [application/json]
2021-02-22 00:27:29,820 DEBUG org.springframework.core.log.LogFormatUtils [http-nio-8080-exec-1] Writing ["{"fizzBuzz":[30,45,60,75,90,105,120,135,150,165,180,195],"buzz":[20,25,35,40,50,55,65,70,80,85,95,1 (truncated)...]
2021-02-22 00:27:29,823 DEBUG org.springframework.web.servlet.FrameworkServlet [http-nio-8080-exec-1] Completed 200 OK
2021-02-22 00:30:04,373 DEBUG org.springframework.context.support.AbstractApplicationContext [main] Refreshing org.springframework.web.context.support.GenericWebApplicationContext@1b835480
2021-02-22 00:30:05,893 DEBUG org.springframework.web.servlet.mvc.method.annotation.RequestMappingHandlerAdapter [main] ControllerAdvice beans: 0 @ModelAttribute, 0 @InitBinder, 1 RequestBodyAdvice, 1 ResponseBodyAdvice
2021-02-22 00:30:06,016 DEBUG org.springframework.web.servlet.handler.AbstractHandlerMethodMapping [main] 3 mappings in 'requestMappingHandlerMapping'
2021-02-22 00:30:06,120 DEBUG org.springframework.web.servlet.handler.SimpleUrlHandlerMapping [main] Patterns [/webjars/**, /**] in 'resourceHandlerMapping'
2021-02-22 00:30:06,144 DEBUG org.springframework.web.servlet.mvc.method.annotation.ExceptionHandlerExceptionResolver [main] ControllerAdvice beans: 1 @ExceptionHandler, 1 ResponseBodyAdvice
2021-02-22 00:30:07,189 DEBUG org.springframework.context.support.AbstractApplicationContext [SpringContextShutdownHook] Closing org.springframework.web.context.support.GenericWebApplicationContext@1b835480, started on Mon Feb 22 00:30:04 CET 2021
2021-02-22 00:32:19,586 DEBUG org.springframework.web.servlet.mvc.method.annotation.RequestMappingHandlerAdapter [restartedMain] ControllerAdvice beans: 0 @ModelAttribute, 0 @InitBinder, 1 RequestBodyAdvice, 1 ResponseBodyAdvice
2021-02-22 00:32:19,591 DEBUG org.springframework.web.servlet.handler.AbstractHandlerMethodMapping [restartedMain] 3 mappings in 'requestMappingHandlerMapping'
2021-02-22 00:32:19,600 DEBUG org.springframework.web.servlet.handler.SimpleUrlHandlerMapping [restartedMain] Patterns [/webjars/**, /**] in 'resourceHandlerMapping'
2021-02-22 00:32:19,603 DEBUG org.springframework.web.servlet.mvc.method.annotation.ExceptionHandlerExceptionResolver [restartedMain] ControllerAdvice beans: 1 @ExceptionHandler, 1 ResponseBodyAdvice
2021-02-22 00:33:23,872 DEBUG org.springframework.web.servlet.mvc.method.annotation.RequestMappingHandlerAdapter [restartedMain] ControllerAdvice beans: 0 @ModelAttribute, 0 @InitBinder, 1 RequestBodyAdvice, 1 ResponseBodyAdvice
2021-02-22 00:33:23,877 DEBUG org.springframework.web.servlet.handler.AbstractHandlerMethodMapping [restartedMain] 3 mappings in 'requestMappingHandlerMapping'
2021-02-22 00:33:23,886 DEBUG org.springframework.web.servlet.handler.SimpleUrlHandlerMapping [restartedMain] Patterns [/webjars/**, /**] in 'resourceHandlerMapping'
2021-02-22 00:33:23,891 DEBUG org.springframework.web.servlet.mvc.method.annotation.ExceptionHandlerExceptionResolver [restartedMain] ControllerAdvice beans: 1 @ExceptionHandler, 1 ResponseBodyAdvice
2021-02-22 00:33:30,786 DEBUG org.springframework.web.servlet.mvc.method.annotation.RequestMappingHandlerAdapter [restartedMain] ControllerAdvice beans: 0 @ModelAttribute, 0 @InitBinder, 1 RequestBodyAdvice, 1 ResponseBodyAdvice
2021-02-22 00:33:30,791 DEBUG org.springframework.web.servlet.handler.AbstractHandlerMethodMapping [restartedMain] 3 mappings in 'requestMappingHandlerMapping'
2021-02-22 00:33:30,800 DEBUG org.springframework.web.servlet.handler.SimpleUrlHandlerMapping [restartedMain] Patterns [/webjars/**, /**] in 'resourceHandlerMapping'
2021-02-22 00:33:30,804 DEBUG org.springframework.web.servlet.mvc.method.annotation.ExceptionHandlerExceptionResolver [restartedMain] ControllerAdvice beans: 1 @ExceptionHandler, 1 ResponseBodyAdvice
2021-02-22 00:34:00,836 DEBUG org.springframework.web.servlet.mvc.method.annotation.RequestMappingHandlerAdapter [restartedMain] ControllerAdvice beans: 0 @ModelAttribute, 0 @InitBinder, 1 RequestBodyAdvice, 1 ResponseBodyAdvice
2021-02-22 00:34:00,840 DEBUG org.springframework.web.servlet.handler.AbstractHandlerMethodMapping [restartedMain] 3 mappings in 'requestMappingHandlerMapping'
2021-02-22 00:34:00,850 DEBUG org.springframework.web.servlet.handler.SimpleUrlHandlerMapping [restartedMain] Patterns [/webjars/**, /**] in 'resourceHandlerMapping'
2021-02-22 00:34:00,853 DEBUG org.springframework.web.servlet.mvc.method.annotation.ExceptionHandlerExceptionResolver [restartedMain] ControllerAdvice beans: 1 @ExceptionHandler, 1 ResponseBodyAdvice
2021-02-22 00:34:10,878 DEBUG org.springframework.context.support.AbstractApplicationContext [main] Refreshing org.springframework.web.context.support.GenericWebApplicationContext@1b835480
2021-02-22 00:34:12,464 DEBUG org.springframework.web.servlet.mvc.method.annotation.RequestMappingHandlerAdapter [main] ControllerAdvice beans: 0 @ModelAttribute, 0 @InitBinder, 1 RequestBodyAdvice, 1 ResponseBodyAdvice
2021-02-22 00:34:12,633 DEBUG org.springframework.web.servlet.handler.AbstractHandlerMethodMapping [main] 3 mappings in 'requestMappingHandlerMapping'
2021-02-22 00:34:12,743 DEBUG org.springframework.web.servlet.handler.SimpleUrlHandlerMapping [main] Patterns [/webjars/**, /**] in 'resourceHandlerMapping'
2021-02-22 00:34:12,774 DEBUG org.springframework.web.servlet.mvc.method.annotation.ExceptionHandlerExceptionResolver [main] ControllerAdvice beans: 1 @ExceptionHandler, 1 ResponseBodyAdvice
2021-02-22 00:34:13,858 DEBUG org.springframework.context.support.AbstractApplicationContext [SpringContextShutdownHook] Closing org.springframework.web.context.support.GenericWebApplicationContext@1b835480, started on Mon Feb 22 00:34:10 CET 2021
2021-02-22 00:36:20,474 DEBUG org.springframework.context.support.AbstractApplicationContext [main] Refreshing org.springframework.web.context.support.GenericWebApplicationContext@3e7dd664
2021-02-22 00:36:21,930 DEBUG org.springframework.web.servlet.mvc.method.annotation.RequestMappingHandlerAdapter [main] ControllerAdvice beans: 0 @ModelAttribute, 0 @InitBinder, 1 RequestBodyAdvice, 1 ResponseBodyAdvice
2021-02-22 00:36:22,064 DEBUG org.springframework.web.servlet.handler.AbstractHandlerMethodMapping [main] 3 mappings in 'requestMappingHandlerMapping'
2021-02-22 00:36:22,178 DEBUG org.springframework.web.servlet.handler.SimpleUrlHandlerMapping [main] Patterns [/webjars/**, /**] in 'resourceHandlerMapping'
2021-02-22 00:36:22,212 DEBUG org.springframework.web.servlet.mvc.method.annotation.ExceptionHandlerExceptionResolver [main] ControllerAdvice beans: 1 @ExceptionHandler, 1 ResponseBodyAdvice
2021-02-22 00:36:23,151 DEBUG org.springframework.context.support.AbstractApplicationContext [SpringContextShutdownHook] Closing org.springframework.web.context.support.GenericWebApplicationContext@3e7dd664, started on Mon Feb 22 00:36:20 CET 2021
2021-02-22 00:36:37,598 DEBUG org.springframework.context.support.AbstractApplicationContext [main] Refreshing org.springframework.web.context.support.GenericWebApplicationContext@1b835480
2021-02-22 00:36:39,116 DEBUG org.springframework.web.servlet.mvc.method.annotation.RequestMappingHandlerAdapter [main] ControllerAdvice beans: 0 @ModelAttribute, 0 @InitBinder, 1 RequestBodyAdvice, 1 ResponseBodyAdvice
2021-02-22 00:36:39,241 DEBUG org.springframework.web.servlet.handler.AbstractHandlerMethodMapping [main] 3 mappings in 'requestMappingHandlerMapping'
2021-02-22 00:36:39,347 DEBUG org.springframework.web.servlet.handler.SimpleUrlHandlerMapping [main] Patterns [/webjars/**, /**] in 'resourceHandlerMapping'
2021-02-22 00:36:39,371 DEBUG org.springframework.web.servlet.mvc.method.annotation.ExceptionHandlerExceptionResolver [main] ControllerAdvice beans: 1 @ExceptionHandler, 1 ResponseBodyAdvice
2021-02-22 00:36:40,424 DEBUG org.springframework.context.support.AbstractApplicationContext [SpringContextShutdownHook] Closing org.springframework.web.context.support.GenericWebApplicationContext@1b835480, started on Mon Feb 22 00:36:37 CET 2021
2021-02-22 00:40:35,033 DEBUG org.springframework.context.support.AbstractApplicationContext [main] Refreshing org.springframework.web.context.support.GenericWebApplicationContext@1b835480
2021-02-22 00:40:36,454 DEBUG org.springframework.web.servlet.mvc.method.annotation.RequestMappingHandlerAdapter [main] ControllerAdvice beans: 0 @ModelAttribute, 0 @InitBinder, 1 RequestBodyAdvice, 1 ResponseBodyAdvice
2021-02-22 00:40:36,588 DEBUG org.springframework.web.servlet.handler.AbstractHandlerMethodMapping [main] 3 mappings in 'requestMappingHandlerMapping'
2021-02-22 00:40:36,690 DEBUG org.springframework.web.servlet.handler.SimpleUrlHandlerMapping [main] Patterns [/webjars/**, /**] in 'resourceHandlerMapping'
2021-02-22 00:40:36,712 DEBUG org.springframework.web.servlet.mvc.method.annotation.ExceptionHandlerExceptionResolver [main] ControllerAdvice beans: 1 @ExceptionHandler, 1 ResponseBodyAdvice
2021-02-22 00:40:37,573 DEBUG org.springframework.context.support.AbstractApplicationContext [SpringContextShutdownHook] Closing org.springframework.web.context.support.GenericWebApplicationContext@1b835480, started on Mon Feb 22 00:40:35 CET 2021
2021-02-22 00:43:39,138 DEBUG org.springframework.context.support.AbstractApplicationContext [main] Refreshing org.springframework.web.context.support.GenericWebApplicationContext@1b835480
2021-02-22 00:43:40,565 DEBUG org.springframework.web.servlet.mvc.method.annotation.RequestMappingHandlerAdapter [main] ControllerAdvice beans: 0 @ModelAttribute, 0 @InitBinder, 1 RequestBodyAdvice, 1 ResponseBodyAdvice
2021-02-22 00:43:40,689 DEBUG org.springframework.web.servlet.handler.AbstractHandlerMethodMapping [main] 3 mappings in 'requestMappingHandlerMapping'
2021-02-22 00:43:40,789 DEBUG org.springframework.web.servlet.handler.SimpleUrlHandlerMapping [main] Patterns [/webjars/**, /**] in 'resourceHandlerMapping'
2021-02-22 00:43:40,811 DEBUG org.springframework.web.servlet.mvc.method.annotation.ExceptionHandlerExceptionResolver [main] ControllerAdvice beans: 1 @ExceptionHandler, 1 ResponseBodyAdvice
2021-02-22 00:43:41,732 DEBUG org.springframework.context.support.AbstractApplicationContext [SpringContextShutdownHook] Closing org.springframework.web.context.support.GenericWebApplicationContext@1b835480, started on Mon Feb 22 00:43:39 CET 2021
2021-02-22 00:44:28,892 DEBUG org.springframework.context.support.AbstractApplicationContext [main] Refreshing org.springframework.web.context.support.GenericWebApplicationContext@1b835480
2021-02-22 00:44:30,454 DEBUG org.springframework.web.servlet.mvc.method.annotation.RequestMappingHandlerAdapter [main] ControllerAdvice beans: 0 @ModelAttribute, 0 @InitBinder, 1 RequestBodyAdvice, 1 ResponseBodyAdvice
2021-02-22 00:44:30,600 DEBUG org.springframework.web.servlet.handler.AbstractHandlerMethodMapping [main] 3 mappings in 'requestMappingHandlerMapping'
2021-02-22 00:44:30,695 DEBUG org.springframework.web.servlet.handler.SimpleUrlHandlerMapping [main] Patterns [/webjars/**, /**] in 'resourceHandlerMapping'
2021-02-22 00:44:30,723 DEBUG org.springframework.web.servlet.mvc.method.annotation.ExceptionHandlerExceptionResolver [main] ControllerAdvice beans: 1 @ExceptionHandler, 1 ResponseBodyAdvice
2021-02-22 00:44:31,712 DEBUG org.springframework.context.support.AbstractApplicationContext [SpringContextShutdownHook] Closing org.springframework.web.context.support.GenericWebApplicationContext@1b835480, started on Mon Feb 22 00:44:28 CET 2021
2021-02-22 00:45:33,354 DEBUG org.springframework.context.support.AbstractApplicationContext [main] Refreshing org.springframework.web.context.support.GenericWebApplicationContext@3e7dd664
2021-02-22 00:45:34,746 DEBUG org.springframework.web.servlet.mvc.method.annotation.RequestMappingHandlerAdapter [main] ControllerAdvice beans: 0 @ModelAttribute, 0 @InitBinder, 1 RequestBodyAdvice, 1 ResponseBodyAdvice
2021-02-22 00:45:34,891 DEBUG org.springframework.web.servlet.handler.AbstractHandlerMethodMapping [main] 3 mappings in 'requestMappingHandlerMapping'
2021-02-22 00:45:34,979 DEBUG org.springframework.web.servlet.handler.SimpleUrlHandlerMapping [main] Patterns [/webjars/**, /**] in 'resourceHandlerMapping'
2021-02-22 00:45:35,003 DEBUG org.springframework.web.servlet.mvc.method.annotation.ExceptionHandlerExceptionResolver [main] ControllerAdvice beans: 1 @ExceptionHandler, 1 ResponseBodyAdvice
2021-02-22 00:45:35,948 DEBUG org.springframework.context.support.AbstractApplicationContext [SpringContextShutdownHook] Closing org.springframework.web.context.support.GenericWebApplicationContext@3e7dd664, started on Mon Feb 22 00:45:33 CET 2021
2021-02-22 00:47:49,023 DEBUG org.springframework.context.support.AbstractApplicationContext [main] Refreshing org.springframework.web.context.support.GenericWebApplicationContext@3e7dd664
2021-02-22 00:47:50,461 DEBUG org.springframework.web.servlet.mvc.method.annotation.RequestMappingHandlerAdapter [main] ControllerAdvice beans: 0 @ModelAttribute, 0 @InitBinder, 1 RequestBodyAdvice, 1 ResponseBodyAdvice
2021-02-22 00:47:50,591 DEBUG org.springframework.web.servlet.handler.AbstractHandlerMethodMapping [main] 3 mappings in 'requestMappingHandlerMapping'
2021-02-22 00:47:50,694 DEBUG org.springframework.web.servlet.handler.SimpleUrlHandlerMapping [main] Patterns [/webjars/**, /**] in 'resourceHandlerMapping'
2021-02-22 00:47:50,722 DEBUG org.springframework.web.servlet.mvc.method.annotation.ExceptionHandlerExceptionResolver [main] ControllerAdvice beans: 1 @ExceptionHandler, 1 ResponseBodyAdvice
2021-02-22 00:47:51,664 DEBUG org.springframework.context.support.AbstractApplicationContext [SpringContextShutdownHook] Closing org.springframework.web.context.support.GenericWebApplicationContext@3e7dd664, started on Mon Feb 22 00:47:49 CET 2021
2021-02-22 00:48:20,035 DEBUG org.springframework.context.support.AbstractApplicationContext [main] Refreshing org.springframework.web.context.support.GenericWebApplicationContext@1b835480
2021-02-22 00:48:21,407 DEBUG org.springframework.web.servlet.mvc.method.annotation.RequestMappingHandlerAdapter [main] ControllerAdvice beans: 0 @ModelAttribute, 0 @InitBinder, 1 RequestBodyAdvice, 1 ResponseBodyAdvice
2021-02-22 00:48:21,548 DEBUG org.springframework.web.servlet.handler.AbstractHandlerMethodMapping [main] 3 mappings in 'requestMappingHandlerMapping'
2021-02-22 00:48:21,668 DEBUG org.springframework.web.servlet.handler.SimpleUrlHandlerMapping [main] Patterns [/webjars/**, /**] in 'resourceHandlerMapping'
2021-02-22 00:48:21,701 DEBUG org.springframework.web.servlet.mvc.method.annotation.ExceptionHandlerExceptionResolver [main] ControllerAdvice beans: 1 @ExceptionHandler, 1 ResponseBodyAdvice
2021-02-22 00:48:22,819 DEBUG org.springframework.context.support.AbstractApplicationContext [SpringContextShutdownHook] Closing org.springframework.web.context.support.GenericWebApplicationContext@1b835480, started on Mon Feb 22 00:48:20 CET 2021
2021-02-22 00:49:02,588 DEBUG org.springframework.context.support.AbstractApplicationContext [main] Refreshing org.springframework.web.context.support.GenericWebApplicationContext@1b835480
2021-02-22 00:49:04,175 DEBUG org.springframework.web.servlet.mvc.method.annotation.RequestMappingHandlerAdapter [main] ControllerAdvice beans: 0 @ModelAttribute, 0 @InitBinder, 1 RequestBodyAdvice, 1 ResponseBodyAdvice
2021-02-22 00:49:04,319 DEBUG org.springframework.web.servlet.handler.AbstractHandlerMethodMapping [main] 3 mappings in 'requestMappingHandlerMapping'
2021-02-22 00:49:04,442 DEBUG org.springframework.web.servlet.handler.SimpleUrlHandlerMapping [main] Patterns [/webjars/**, /**] in 'resourceHandlerMapping'
2021-02-22 00:49:04,481 DEBUG org.springframework.web.servlet.mvc.method.annotation.ExceptionHandlerExceptionResolver [main] ControllerAdvice beans: 1 @ExceptionHandler, 1 ResponseBodyAdvice
2021-02-22 00:49:05,527 DEBUG org.springframework.context.support.AbstractApplicationContext [SpringContextShutdownHook] Closing org.springframework.web.context.support.GenericWebApplicationContext@1b835480, started on Mon Feb 22 00:49:02 CET 2021
2021-02-22 00:51:13,257 DEBUG org.springframework.context.support.AbstractApplicationContext [main] Refreshing org.springframework.web.context.support.GenericWebApplicationContext@1b835480
2021-02-22 00:51:14,812 DEBUG org.springframework.web.servlet.mvc.method.annotation.RequestMappingHandlerAdapter [main] ControllerAdvice beans: 0 @ModelAttribute, 0 @InitBinder, 1 RequestBodyAdvice, 1 ResponseBodyAdvice
2021-02-22 00:51:14,936 DEBUG org.springframework.web.servlet.handler.AbstractHandlerMethodMapping [main] 3 mappings in 'requestMappingHandlerMapping'
2021-02-22 00:51:15,054 DEBUG org.springframework.web.servlet.handler.SimpleUrlHandlerMapping [main] Patterns [/webjars/**, /**] in 'resourceHandlerMapping'
2021-02-22 00:51:15,082 DEBUG org.springframework.web.servlet.mvc.method.annotation.ExceptionHandlerExceptionResolver [main] ControllerAdvice beans: 1 @ExceptionHandler, 1 ResponseBodyAdvice
2021-02-22 00:51:15,978 DEBUG org.springframework.context.support.AbstractApplicationContext [SpringContextShutdownHook] Closing org.springframework.web.context.support.GenericWebApplicationContext@1b835480, started on Mon Feb 22 00:51:13 CET 2021
2021-02-22 00:51:55,749 DEBUG org.springframework.context.support.AbstractApplicationContext [main] Refreshing org.springframework.web.context.support.GenericWebApplicationContext@1b835480
2021-02-22 00:51:57,289 DEBUG org.springframework.web.servlet.mvc.method.annotation.RequestMappingHandlerAdapter [main] ControllerAdvice beans: 0 @ModelAttribute, 0 @InitBinder, 1 RequestBodyAdvice, 1 ResponseBodyAdvice
2021-02-22 00:51:57,409 DEBUG org.springframework.web.servlet.handler.AbstractHandlerMethodMapping [main] 3 mappings in 'requestMappingHandlerMapping'
2021-02-22 00:51:57,517 DEBUG org.springframework.web.servlet.handler.SimpleUrlHandlerMapping [main] Patterns [/webjars/**, /**] in 'resourceHandlerMapping'
2021-02-22 00:51:57,541 DEBUG org.springframework.web.servlet.mvc.method.annotation.ExceptionHandlerExceptionResolver [main] ControllerAdvice beans: 1 @ExceptionHandler, 1 ResponseBodyAdvice
2021-02-22 00:51:58,513 DEBUG org.springframework.context.support.AbstractApplicationContext [SpringContextShutdownHook] Closing org.springframework.web.context.support.GenericWebApplicationContext@1b835480, started on Mon Feb 22 00:51:55 CET 2021
2021-02-22 00:52:11,054 DEBUG org.springframework.context.support.AbstractApplicationContext [main] Refreshing org.springframework.web.context.support.GenericWebApplicationContext@1b835480
2021-02-22 00:52:12,547 DEBUG org.springframework.web.servlet.mvc.method.annotation.RequestMappingHandlerAdapter [main] ControllerAdvice beans: 0 @ModelAttribute, 0 @InitBinder, 1 RequestBodyAdvice, 1 ResponseBodyAdvice
2021-02-22 00:52:12,692 DEBUG org.springframework.web.servlet.handler.AbstractHandlerMethodMapping [main] 3 mappings in 'requestMappingHandlerMapping'
2021-02-22 00:52:12,802 DEBUG org.springframework.web.servlet.handler.SimpleUrlHandlerMapping [main] Patterns [/webjars/**, /**] in 'resourceHandlerMapping'
2021-02-22 00:52:12,829 DEBUG org.springframework.web.servlet.mvc.method.annotation.ExceptionHandlerExceptionResolver [main] ControllerAdvice beans: 1 @ExceptionHandler, 1 ResponseBodyAdvice
2021-02-22 00:52:13,886 DEBUG org.springframework.context.support.AbstractApplicationContext [SpringContextShutdownHook] Closing org.springframework.web.context.support.GenericWebApplicationContext@1b835480, started on Mon Feb 22 00:52:11 CET 2021
2021-02-22 00:54:48,133 DEBUG org.springframework.context.support.AbstractApplicationContext [main] Refreshing org.springframework.web.context.support.GenericWebApplicationContext@1b835480
2021-02-22 00:54:49,583 DEBUG org.springframework.web.servlet.mvc.method.annotation.RequestMappingHandlerAdapter [main] ControllerAdvice beans: 0 @ModelAttribute, 0 @InitBinder, 1 RequestBodyAdvice, 1 ResponseBodyAdvice
2021-02-22 00:54:49,722 DEBUG org.springframework.web.servlet.handler.AbstractHandlerMethodMapping [main] 3 mappings in 'requestMappingHandlerMapping'
2021-02-22 00:54:49,810 DEBUG org.springframework.web.servlet.handler.SimpleUrlHandlerMapping [main] Patterns [/webjars/**, /**] in 'resourceHandlerMapping'
2021-02-22 00:54:49,832 DEBUG org.springframework.web.servlet.mvc.method.annotation.ExceptionHandlerExceptionResolver [main] ControllerAdvice beans: 1 @ExceptionHandler, 1 ResponseBodyAdvice
2021-02-22 00:54:50,818 DEBUG org.springframework.context.support.AbstractApplicationContext [SpringContextShutdownHook] Closing org.springframework.web.context.support.GenericWebApplicationContext@1b835480, started on Mon Feb 22 00:54:48 CET 2021
2021-02-22 00:56:56,337 DEBUG org.springframework.context.support.AbstractApplicationContext [main] Refreshing org.springframework.web.context.support.GenericWebApplicationContext@4b1d6571
2021-02-22 00:56:57,789 DEBUG org.springframework.web.servlet.mvc.method.annotation.RequestMappingHandlerAdapter [main] ControllerAdvice beans: 0 @ModelAttribute, 0 @InitBinder, 1 RequestBodyAdvice, 1 ResponseBodyAdvice
2021-02-22 00:56:57,933 DEBUG org.springframework.web.servlet.handler.AbstractHandlerMethodMapping [main] 3 mappings in 'requestMappingHandlerMapping'
2021-02-22 00:56:58,046 DEBUG org.springframework.web.servlet.handler.SimpleUrlHandlerMapping [main] Patterns [/webjars/**, /**] in 'resourceHandlerMapping'
2021-02-22 00:56:58,084 DEBUG org.springframework.web.servlet.mvc.method.annotation.ExceptionHandlerExceptionResolver [main] ControllerAdvice beans: 1 @ExceptionHandler, 1 ResponseBodyAdvice
2021-02-22 00:56:58,963 DEBUG org.springframework.context.support.AbstractApplicationContext [SpringContextShutdownHook] Closing org.springframework.web.context.support.GenericWebApplicationContext@4b1d6571, started on Mon Feb 22 00:56:56 CET 2021
2021-02-22 00:57:50,742 DEBUG org.springframework.context.support.AbstractApplicationContext [main] Refreshing org.springframework.web.context.support.GenericWebApplicationContext@1b835480
2021-02-22 00:57:52,185 DEBUG org.springframework.web.servlet.mvc.method.annotation.RequestMappingHandlerAdapter [main] ControllerAdvice beans: 0 @ModelAttribute, 0 @InitBinder, 1 RequestBodyAdvice, 1 ResponseBodyAdvice
2021-02-22 00:57:52,307 DEBUG org.springframework.web.servlet.handler.AbstractHandlerMethodMapping [main] 3 mappings in 'requestMappingHandlerMapping'
2021-02-22 00:57:52,419 DEBUG org.springframework.web.servlet.handler.SimpleUrlHandlerMapping [main] Patterns [/webjars/**, /**] in 'resourceHandlerMapping'
2021-02-22 00:57:52,449 DEBUG org.springframework.web.servlet.mvc.method.annotation.ExceptionHandlerExceptionResolver [main] ControllerAdvice beans: 1 @ExceptionHandler, 1 ResponseBodyAdvice
2021-02-22 00:57:53,377 DEBUG org.springframework.context.support.AbstractApplicationContext [SpringContextShutdownHook] Closing org.springframework.web.context.support.GenericWebApplicationContext@1b835480, started on Mon Feb 22 00:57:50 CET 2021
2021-02-22 01:04:00,351 DEBUG org.springframework.context.support.AbstractApplicationContext [main] Refreshing org.springframework.web.context.support.GenericWebApplicationContext@10cf09e8
2021-02-22 01:04:01,903 DEBUG org.springframework.web.servlet.mvc.method.annotation.RequestMappingHandlerAdapter [main] ControllerAdvice beans: 0 @ModelAttribute, 0 @InitBinder, 1 RequestBodyAdvice, 1 ResponseBodyAdvice
2021-02-22 01:04:02,077 DEBUG org.springframework.web.servlet.handler.AbstractHandlerMethodMapping [main] 3 mappings in 'requestMappingHandlerMapping'
2021-02-22 01:04:02,190 DEBUG org.springframework.web.servlet.handler.SimpleUrlHandlerMapping [main] Patterns [/webjars/**, /**] in 'resourceHandlerMapping'
2021-02-22 01:04:02,217 DEBUG org.springframework.web.servlet.mvc.method.annotation.ExceptionHandlerExceptionResolver [main] ControllerAdvice beans: 1 @ExceptionHandler, 1 ResponseBodyAdvice
2021-02-22 01:04:03,546 DEBUG org.springframework.context.support.AbstractApplicationContext [SpringContextShutdownHook] Closing org.springframework.web.context.support.GenericWebApplicationContext@10cf09e8, started on Mon Feb 22 01:04:00 CET 2021
2021-02-22 01:04:45,581 DEBUG org.springframework.context.support.AbstractApplicationContext [main] Refreshing org.springframework.web.context.support.GenericWebApplicationContext@10cf09e8
2021-02-22 01:04:47,089 DEBUG org.springframework.web.servlet.mvc.method.annotation.RequestMappingHandlerAdapter [main] ControllerAdvice beans: 0 @ModelAttribute, 0 @InitBinder, 1 RequestBodyAdvice, 1 ResponseBodyAdvice
2021-02-22 01:04:47,256 DEBUG org.springframework.web.servlet.handler.AbstractHandlerMethodMapping [main] 3 mappings in 'requestMappingHandlerMapping'
2021-02-22 01:04:47,365 DEBUG org.springframework.web.servlet.handler.SimpleUrlHandlerMapping [main] Patterns [/webjars/**, /**] in 'resourceHandlerMapping'
2021-02-22 01:04:47,401 DEBUG org.springframework.web.servlet.mvc.method.annotation.ExceptionHandlerExceptionResolver [main] ControllerAdvice beans: 1 @ExceptionHandler, 1 ResponseBodyAdvice
2021-02-22 01:04:49,172 DEBUG org.springframework.context.support.AbstractApplicationContext [SpringContextShutdownHook] Closing org.springframework.web.context.support.GenericWebApplicationContext@10cf09e8, started on Mon Feb 22 01:04:45 CET 2021
2021-02-22 01:11:51,353 DEBUG org.springframework.context.support.AbstractApplicationContext [main] Refreshing org.springframework.web.context.support.GenericWebApplicationContext@40db2a24
2021-02-22 01:11:52,720 DEBUG org.springframework.web.servlet.mvc.method.annotation.RequestMappingHandlerAdapter [main] ControllerAdvice beans: 0 @ModelAttribute, 0 @InitBinder, 1 RequestBodyAdvice, 1 ResponseBodyAdvice
2021-02-22 01:11:52,827 DEBUG org.springframework.web.servlet.handler.AbstractHandlerMethodMapping [main] 3 mappings in 'requestMappingHandlerMapping'
2021-02-22 01:11:52,925 DEBUG org.springframework.web.servlet.handler.SimpleUrlHandlerMapping [main] Patterns [/webjars/**, /**] in 'resourceHandlerMapping'
2021-02-22 01:11:52,948 DEBUG org.springframework.web.servlet.mvc.method.annotation.ExceptionHandlerExceptionResolver [main] ControllerAdvice beans: 1 @ExceptionHandler, 1 ResponseBodyAdvice
2021-02-22 01:11:54,523 DEBUG org.springframework.context.support.AbstractApplicationContext [SpringContextShutdownHook] Closing org.springframework.web.context.support.GenericWebApplicationContext@40db2a24, started on Mon Feb 22 01:11:51 CET 2021
2021-02-22 01:12:32,224 DEBUG org.springframework.web.servlet.mvc.method.annotation.RequestMappingHandlerAdapter [restartedMain] ControllerAdvice beans: 0 @ModelAttribute, 0 @InitBinder, 1 RequestBodyAdvice, 1 ResponseBodyAdvice
2021-02-22 01:12:32,285 DEBUG org.springframework.web.servlet.handler.AbstractHandlerMethodMapping [restartedMain] 3 mappings in 'requestMappingHandlerMapping'
2021-02-22 01:12:32,310 DEBUG org.springframework.web.servlet.handler.SimpleUrlHandlerMapping [restartedMain] Patterns [/webjars/**, /**] in 'resourceHandlerMapping'
2021-02-22 01:12:32,318 DEBUG org.springframework.web.servlet.mvc.method.annotation.ExceptionHandlerExceptionResolver [restartedMain] ControllerAdvice beans: 1 @ExceptionHandler, 1 ResponseBodyAdvice
2021-02-22 01:12:48,196 INFO org.springframework.web.servlet.FrameworkServlet [http-nio-8080-exec-1] Initializing Servlet 'dispatcherServlet'
2021-02-22 01:12:48,197 DEBUG org.springframework.web.servlet.DispatcherServlet [http-nio-8080-exec-1] Detected StandardServletMultipartResolver
2021-02-22 01:12:48,197 DEBUG org.springframework.web.servlet.DispatcherServlet [http-nio-8080-exec-1] Detected AcceptHeaderLocaleResolver
2021-02-22 01:12:48,197 DEBUG org.springframework.web.servlet.DispatcherServlet [http-nio-8080-exec-1] Detected FixedThemeResolver
2021-02-22 01:12:48,198 DEBUG org.springframework.web.servlet.DispatcherServlet [http-nio-8080-exec-1] Detected org.springframework.web.servlet.view.DefaultRequestToViewNameTranslator@14bfb8ad
2021-02-22 01:12:48,198 DEBUG org.springframework.web.servlet.DispatcherServlet [http-nio-8080-exec-1] Detected org.springframework.web.servlet.support.SessionFlashMapManager@7095ed26
2021-02-22 01:12:48,199 DEBUG org.springframework.web.servlet.FrameworkServlet [http-nio-8080-exec-1] enableLoggingRequestDetails='false': request parameters and headers will be masked to prevent unsafe logging of potentially sensitive data
2021-02-22 01:12:48,199 INFO org.springframework.web.servlet.FrameworkServlet [http-nio-8080-exec-1] Completed initialization in 2 ms
2021-02-22 01:12:48,220 DEBUG org.springframework.core.log.LogFormatUtils [http-nio-8080-exec-1] GET "/fizzbuzz/20", parameters={}
2021-02-22 01:12:48,226 DEBUG org.springframework.web.servlet.handler.AbstractHandlerMapping [http-nio-8080-exec-1] Mapped to com.fizzbuzz.apirest.controllers.FizzBuzzController#fizzBuzz(int, HttpServletResponse)
2021-02-22 01:12:48,341 DEBUG org.springframework.web.servlet.mvc.method.annotation.AbstractMessageConverterMethodProcessor [http-nio-8080-exec-1] Using 'application/json;q=0.8', given [text/html, application/xhtml+xml, image/avif, image/webp, image/apng, application/xml;q=0.9, application/signed-exchange;v=b3;q=0.9, */*;q=0.8] and supported [application/json]
2021-02-22 01:12:48,342 DEBUG org.springframework.core.log.LogFormatUtils [http-nio-8080-exec-1] Writing ["{"fizzBuzz":[30,45,60,75,90,105,120,135,150,165,180,195],"buzz":[20,25,35,40,50,55,65,70,80,85,95,1 (truncated)...]
2021-02-22 01:12:48,352 DEBUG org.springframework.web.servlet.FrameworkServlet [http-nio-8080-exec-1] Completed 200 OK
2021-02-22 01:13:39,746 DEBUG org.springframework.web.servlet.mvc.method.annotation.RequestMappingHandlerAdapter [restartedMain] ControllerAdvice beans: 0 @ModelAttribute, 0 @InitBinder, 1 RequestBodyAdvice, 1 ResponseBodyAdvice
2021-02-22 01:13:39,753 DEBUG org.springframework.web.servlet.handler.AbstractHandlerMethodMapping [restartedMain] 3 mappings in 'requestMappingHandlerMapping'
2021-02-22 01:13:39,764 DEBUG org.springframework.web.servlet.handler.SimpleUrlHandlerMapping [restartedMain] Patterns [/webjars/**, /**] in 'resourceHandlerMapping'
2021-02-22 01:13:39,768 DEBUG org.springframework.web.servlet.mvc.method.annotation.ExceptionHandlerExceptionResolver [restartedMain] ControllerAdvice beans: 1 @ExceptionHandler, 1 ResponseBodyAdvice
2021-02-22 01:14:48,143 DEBUG org.springframework.web.servlet.mvc.method.annotation.RequestMappingHandlerAdapter [restartedMain] ControllerAdvice beans: 0 @ModelAttribute, 0 @InitBinder, 1 RequestBodyAdvice, 1 ResponseBodyAdvice
2021-02-22 01:14:48,149 DEBUG org.springframework.web.servlet.handler.AbstractHandlerMethodMapping [restartedMain] 3 mappings in 'requestMappingHandlerMapping'
2021-02-22 01:14:48,160 DEBUG org.springframework.web.servlet.handler.SimpleUrlHandlerMapping [restartedMain] Patterns [/webjars/**, /**] in 'resourceHandlerMapping'
2021-02-22 01:14:48,164 DEBUG org.springframework.web.servlet.mvc.method.annotation.ExceptionHandlerExceptionResolver [restartedMain] ControllerAdvice beans: 1 @ExceptionHandler, 1 ResponseBodyAdvice
2021-02-22 01:23:09,878 DEBUG org.springframework.web.servlet.mvc.method.annotation.RequestMappingHandlerAdapter [restartedMain] ControllerAdvice beans: 0 @ModelAttribute, 0 @InitBinder, 1 RequestBodyAdvice, 1 ResponseBodyAdvice
2021-02-22 01:23:09,939 DEBUG org.springframework.web.servlet.handler.AbstractHandlerMethodMapping [restartedMain] 3 mappings in 'requestMappingHandlerMapping'
2021-02-22 01:23:09,963 DEBUG org.springframework.web.servlet.handler.SimpleUrlHandlerMapping [restartedMain] Patterns [/webjars/**, /**] in 'resourceHandlerMapping'
2021-02-22 01:23:09,971 DEBUG org.springframework.web.servlet.mvc.method.annotation.ExceptionHandlerExceptionResolver [restartedMain] ControllerAdvice beans: 1 @ExceptionHandler, 1 ResponseBodyAdvice
2021-02-22 01:23:17,432 INFO org.springframework.web.servlet.FrameworkServlet [http-nio-8080-exec-1] Initializing Servlet 'dispatcherServlet'
2021-02-22 01:23:17,432 DEBUG org.springframework.web.servlet.DispatcherServlet [http-nio-8080-exec-1] Detected StandardServletMultipartResolver
2021-02-22 01:23:17,433 DEBUG org.springframework.web.servlet.DispatcherServlet [http-nio-8080-exec-1] Detected AcceptHeaderLocaleResolver
2021-02-22 01:23:17,433 DEBUG org.springframework.web.servlet.DispatcherServlet [http-nio-8080-exec-1] Detected FixedThemeResolver
2021-02-22 01:23:17,434 DEBUG org.springframework.web.servlet.DispatcherServlet [http-nio-8080-exec-1] Detected org.springframework.web.servlet.view.DefaultRequestToViewNameTranslator@273e87e
2021-02-22 01:23:17,434 DEBUG org.springframework.web.servlet.DispatcherServlet [http-nio-8080-exec-1] Detected org.springframework.web.servlet.support.SessionFlashMapManager@4c093444
2021-02-22 01:23:17,434 DEBUG org.springframework.web.servlet.FrameworkServlet [http-nio-8080-exec-1] enableLoggingRequestDetails='false': request parameters and headers will be masked to prevent unsafe logging of potentially sensitive data
2021-02-22 01:23:17,434 INFO org.springframework.web.servlet.FrameworkServlet [http-nio-8080-exec-1] Completed initialization in 2 ms
2021-02-22 01:23:17,445 DEBUG org.springframework.core.log.LogFormatUtils [http-nio-8080-exec-1] GET "/fizzbuzz/20", parameters={}
2021-02-22 01:23:17,452 DEBUG org.springframework.web.servlet.handler.AbstractHandlerMapping [http-nio-8080-exec-1] Mapped to com.fizzbuzz.apirest.controllers.FizzBuzzController#fizzBuzz(int, HttpServletResponse)
2021-02-22 01:23:17,581 DEBUG org.springframework.web.servlet.mvc.method.annotation.AbstractMessageConverterMethodProcessor [http-nio-8080-exec-1] Using 'application/json;q=0.8', given [text/html, application/xhtml+xml, image/avif, image/webp, image/apng, application/xml;q=0.9, application/signed-exchange;v=b3;q=0.9, */*;q=0.8] and supported [application/json]
2021-02-22 01:23:17,582 DEBUG org.springframework.core.log.LogFormatUtils [http-nio-8080-exec-1] Writing ["{"fizzBuzz":[30,45,60,75,90,105,120,135,150,165,180,195],"buzz":[20,25,35,40,50,55,65,70,80,85,95,1 (truncated)...]
2021-02-22 01:23:17,590 DEBUG org.springframework.web.servlet.FrameworkServlet [http-nio-8080-exec-1] Completed 200 OK
2021-02-22 01:29:37,356 DEBUG org.springframework.web.servlet.mvc.method.annotation.RequestMappingHandlerAdapter [restartedMain] ControllerAdvice beans: 0 @ModelAttribute, 0 @InitBinder, 1 RequestBodyAdvice, 1 ResponseBodyAdvice
2021-02-22 01:29:37,362 DEBUG org.springframework.web.servlet.handler.AbstractHandlerMethodMapping [restartedMain] 3 mappings in 'requestMappingHandlerMapping'
2021-02-22 01:29:37,373 DEBUG org.springframework.web.servlet.handler.SimpleUrlHandlerMapping [restartedMain] Patterns [/webjars/**, /**] in 'resourceHandlerMapping'
2021-02-22 01:29:37,378 DEBUG org.springframework.web.servlet.mvc.method.annotation.ExceptionHandlerExceptionResolver [restartedMain] ControllerAdvice beans: 1 @ExceptionHandler, 1 ResponseBodyAdvice
2021-02-22 01:30:06,496 DEBUG org.springframework.context.support.AbstractApplicationContext [main] Refreshing org.springframework.web.context.support.GenericWebApplicationContext@10cf09e8
2021-02-22 01:30:07,910 DEBUG org.springframework.web.servlet.mvc.method.annotation.RequestMappingHandlerAdapter [main] ControllerAdvice beans: 0 @ModelAttribute, 0 @InitBinder, 1 RequestBodyAdvice, 1 ResponseBodyAdvice
2021-02-22 01:30:08,081 DEBUG org.springframework.web.servlet.handler.AbstractHandlerMethodMapping [main] 3 mappings in 'requestMappingHandlerMapping'
2021-02-22 01:30:08,205 DEBUG org.springframework.web.servlet.handler.SimpleUrlHandlerMapping [main] Patterns [/webjars/**, /**] in 'resourceHandlerMapping'
2021-02-22 01:30:08,236 DEBUG org.springframework.web.servlet.mvc.method.annotation.ExceptionHandlerExceptionResolver [main] ControllerAdvice beans: 1 @ExceptionHandler, 1 ResponseBodyAdvice
2021-02-22 01:30:12,776 DEBUG org.springframework.context.support.AbstractApplicationContext [SpringContextShutdownHook] Closing org.springframework.web.context.support.GenericWebApplicationContext@10cf09e8, started on Mon Feb 22 01:30:06 CET 2021
2021-02-22 01:43:54,884 DEBUG org.springframework.context.support.AbstractApplicationContext [main] Refreshing org.springframework.web.context.support.GenericWebApplicationContext@6ed3f258
2021-02-22 01:43:56,259 DEBUG org.springframework.web.servlet.mvc.method.annotation.RequestMappingHandlerAdapter [main] ControllerAdvice beans: 0 @ModelAttribute, 0 @InitBinder, 1 RequestBodyAdvice, 1 ResponseBodyAdvice
2021-02-22 01:43:56,384 DEBUG org.springframework.web.servlet.handler.AbstractHandlerMethodMapping [main] 3 mappings in 'requestMappingHandlerMapping'
2021-02-22 01:43:56,477 DEBUG org.springframework.web.servlet.handler.SimpleUrlHandlerMapping [main] Patterns [/webjars/**, /**] in 'resourceHandlerMapping'
2021-02-22 01:43:56,498 DEBUG org.springframework.web.servlet.mvc.method.annotation.ExceptionHandlerExceptionResolver [main] ControllerAdvice beans: 1 @ExceptionHandler, 1 ResponseBodyAdvice
2021-02-22 01:43:57,072 DEBUG org.springframework.web.servlet.handler.AbstractHandlerMapping [main] Mapped to com.fizzbuzz.apirest.controllers.FizzBuzzController#fizzBuzz(int, HttpServletResponse)
2021-02-22 01:43:57,252 DEBUG org.springframework.web.servlet.mvc.method.annotation.AbstractMessageConverterMethodProcessor [main] Using 'application/json', given [*/*] and supported [application/json]
2021-02-22 01:43:57,253 DEBUG org.springframework.core.log.LogFormatUtils [main] Writing ["{"fizzBuzz":[105,120,135,150,165,180,195],"buzz":[100,110,115,125,130,140,145,155,160,170,175,185,1 (truncated)...]
2021-02-22 01:43:58,216 DEBUG org.springframework.context.support.AbstractApplicationContext [SpringContextShutdownHook] Closing org.springframework.web.context.support.GenericWebApplicationContext@6ed3f258, started on Mon Feb 22 01:43:54 CET 2021
2021-02-22 01:44:43,257 DEBUG org.springframework.context.support.AbstractApplicationContext [main] Refreshing org.springframework.web.context.support.GenericWebApplicationContext@6bca7e0d
2021-02-22 01:44:44,833 DEBUG org.springframework.web.servlet.mvc.method.annotation.RequestMappingHandlerAdapter [main] ControllerAdvice beans: 0 @ModelAttribute, 0 @InitBinder, 1 RequestBodyAdvice, 1 ResponseBodyAdvice
2021-02-22 01:44:45,023 DEBUG org.springframework.web.servlet.handler.AbstractHandlerMethodMapping [main] 3 mappings in 'requestMappingHandlerMapping'
2021-02-22 01:44:45,118 DEBUG org.springframework.web.servlet.handler.SimpleUrlHandlerMapping [main] Patterns [/webjars/**, /**] in 'resourceHandlerMapping'
2021-02-22 01:44:45,148 DEBUG org.springframework.web.servlet.mvc.method.annotation.ExceptionHandlerExceptionResolver [main] ControllerAdvice beans: 1 @ExceptionHandler, 1 ResponseBodyAdvice
2021-02-22 01:44:45,692 DEBUG org.springframework.web.servlet.handler.AbstractHandlerMapping [main] Mapped to com.fizzbuzz.apirest.controllers.FizzBuzzController#fizzBuzz(int, HttpServletResponse)
2021-02-22 01:44:45,913 DEBUG org.springframework.web.servlet.mvc.method.annotation.AbstractMessageConverterMethodProcessor [main] Using 'application/json', given [*/*] and supported [application/json]
2021-02-22 01:44:45,915 DEBUG org.springframework.core.log.LogFormatUtils [main] Writing ["{"fizzBuzz":[105,120,135,150,165,180,195],"buzz":[100,110,115,125,130,140,145,155,160,170,175,185,1 (truncated)...]
2021-02-22 01:44:45,944 DEBUG org.springframework.context.support.AbstractApplicationContext [SpringContextShutdownHook] Closing org.springframework.web.context.support.GenericWebApplicationContext@6bca7e0d, started on Mon Feb 22 01:44:43 CET 2021
2021-02-22 01:46:18,215 DEBUG org.springframework.context.support.AbstractApplicationContext [main] Refreshing org.springframework.web.context.support.GenericWebApplicationContext@2631f68c
2021-02-22 01:46:19,528 DEBUG org.springframework.web.servlet.mvc.method.annotation.RequestMappingHandlerAdapter [main] ControllerAdvice beans: 0 @ModelAttribute, 0 @InitBinder, 1 RequestBodyAdvice, 1 ResponseBodyAdvice
2021-02-22 01:46:19,669 DEBUG org.springframework.web.servlet.handler.AbstractHandlerMethodMapping [main] 3 mappings in 'requestMappingHandlerMapping'
2021-02-22 01:46:19,766 DEBUG org.springframework.web.servlet.handler.SimpleUrlHandlerMapping [main] Patterns [/webjars/**, /**] in 'resourceHandlerMapping'
2021-02-22 01:46:19,789 DEBUG org.springframework.web.servlet.mvc.method.annotation.ExceptionHandlerExceptionResolver [main] ControllerAdvice beans: 1 @ExceptionHandler, 1 ResponseBodyAdvice
2021-02-22 01:46:20,337 DEBUG org.springframework.web.servlet.handler.AbstractHandlerMapping [main] Mapped to com.fizzbuzz.apirest.controllers.FizzBuzzController#fizzBuzz(int, HttpServletResponse)
2021-02-22 01:46:20,456 DEBUG org.springframework.web.servlet.mvc.method.annotation.AbstractMessageConverterMethodProcessor [main] Using 'application/json', given [*/*] and supported [application/json]
2021-02-22 01:46:20,457 DEBUG org.springframework.core.log.LogFormatUtils [main] Writing ["{"fizzBuzz":[105,120,135,150,165,180,195],"buzz":[100,110,115,125,130,140,145,155,160,170,175,185,1 (truncated)...]
2021-02-22 01:46:20,507 DEBUG org.springframework.context.support.AbstractApplicationContext [SpringContextShutdownHook] Closing org.springframework.web.context.support.GenericWebApplicationContext@2631f68c, started on Mon Feb 22 01:46:18 CET 2021
2021-02-22 01:52:52,891 DEBUG org.springframework.context.support.AbstractApplicationContext [main] Refreshing org.springframework.web.context.support.GenericWebApplicationContext@6ed3f258
2021-02-22 01:52:54,346 DEBUG org.springframework.web.servlet.mvc.method.annotation.RequestMappingHandlerAdapter [main] ControllerAdvice beans: 0 @ModelAttribute, 0 @InitBinder, 1 RequestBodyAdvice, 1 ResponseBodyAdvice
2021-02-22 01:52:54,482 DEBUG org.springframework.web.servlet.handler.AbstractHandlerMethodMapping [main] 3 mappings in 'requestMappingHandlerMapping'
2021-02-22 01:52:54,587 DEBUG org.springframework.web.servlet.handler.SimpleUrlHandlerMapping [main] Patterns [/webjars/**, /**] in 'resourceHandlerMapping'
2021-02-22 01:52:54,615 DEBUG org.springframework.web.servlet.mvc.method.annotation.ExceptionHandlerExceptionResolver [main] ControllerAdvice beans: 1 @ExceptionHandler, 1 ResponseBodyAdvice
2021-02-22 01:52:55,200 DEBUG org.springframework.web.servlet.handler.AbstractHandlerMapping [main] Mapped to com.fizzbuzz.apirest.controllers.FizzBuzzController#fizzBuzz(int, HttpServletResponse)
2021-02-22 01:52:55,342 DEBUG org.springframework.web.servlet.mvc.method.annotation.AbstractMessageConverterMethodProcessor [main] Using 'application/json', given [*/*] and supported [application/json]
2021-02-22 01:52:55,343 DEBUG org.springframework.core.log.LogFormatUtils [main] Writing ["{"fizzBuzz":[105,120,135,150,165,180,195],"buzz":[100,110,115,125,130,140,145,155,160,170,175,185,1 (truncated)...]
2021-02-22 01:52:56,327 DEBUG org.springframework.context.support.AbstractApplicationContext [SpringContextShutdownHook] Closing org.springframework.web.context.support.GenericWebApplicationContext@6ed3f258, started on Mon Feb 22 01:52:52 CET 2021
